{"/home/christaine/typescript/projetos/drivent1-ref-initial/src/app.ts": {"path":"/home/christaine/typescript/projetos/drivent1-ref-initial/src/app.ts","statementMap":{"0":{"start":{"line":1,"column":0},"end":{"line":1,"column":26}},"1":{"start":{"line":2,"column":0},"end":{"line":2,"column":30}},"2":{"start":{"line":3,"column":0},"end":{"line":3,"column":43}},"3":{"start":{"line":4,"column":0},"end":{"line":4,"column":24}},"4":{"start":{"line":6,"column":0},"end":{"line":6,"column":60}},"5":{"start":{"line":8,"column":0},"end":{"line":8,"column":10}},"6":{"start":{"line":10,"column":0},"end":{"line":10,"column":56}},"7":{"start":{"line":11,"column":0},"end":{"line":11,"column":null}},"8":{"start":{"line":22,"column":12},"end":{"line":22,"column":21}},"9":{"start":{"line":23,"column":0},"end":{"line":35,"column":32}},"10":{"start":{"line":26,"column":33},"end":{"line":26,"column":48}},"11":{"start":{"line":38,"column":2},"end":{"line":38,"column":14}},"12":{"start":{"line":39,"column":2},"end":{"line":39,"column":30}},"13":{"start":{"line":37,"column":0},"end":{"line":37,"column":16}},"14":{"start":{"line":43,"column":2},"end":{"line":43,"column":23}},"15":{"start":{"line":42,"column":0},"end":{"line":42,"column":7}},"16":{"start":{"line":46,"column":0},"end":{"line":46,"column":19}}},"fnMap":{"0":{"name":"(anonymous_1)","decl":{"start":{"line":26,"column":18},"end":{"line":26,"column":19}},"loc":{"start":{"line":26,"column":33},"end":{"line":26,"column":48}}},"1":{"name":"init","decl":{"start":{"line":37,"column":16},"end":{"line":37,"column":20}},"loc":{"start":{"line":37,"column":20},"end":{"line":40,"column":1}}},"2":{"name":"close","decl":{"start":{"line":42,"column":22},"end":{"line":42,"column":27}},"loc":{"start":{"line":42,"column":27},"end":{"line":44,"column":1}}}},"branchMap":{},"s":{"0":11,"1":11,"2":11,"3":11,"4":11,"5":11,"6":11,"7":11,"8":11,"9":11,"10":1,"11":11,"12":11,"13":11,"14":0,"15":11,"16":11},"f":{"0":1,"1":11,"2":0},"b":{}}
,"/home/christaine/typescript/projetos/drivent1-ref-initial/src/server.ts": {"path":"/home/christaine/typescript/projetos/drivent1-ref-initial/src/server.ts","statementMap":{"0":{"start":{"line":1,"column":0},"end":{"line":1,"column":34}},"1":{"start":{"line":3,"column":13},"end":{"line":3,"column":38}},"2":{"start":{"line":5,"column":0},"end":{"line":10,"column":3}},"3":{"start":{"line":6,"column":2},"end":{"line":9,"column":5}},"4":{"start":{"line":8,"column":4},"end":{"line":8,"column":56}}},"fnMap":{"0":{"name":"(anonymous_6)","decl":{"start":{"line":5,"column":12},"end":{"line":5,"column":15}},"loc":{"start":{"line":5,"column":17},"end":{"line":10,"column":1}}},"1":{"name":"(anonymous_7)","decl":{"start":{"line":6,"column":19},"end":{"line":6,"column":22}},"loc":{"start":{"line":6,"column":24},"end":{"line":9,"column":3}}}},"branchMap":{"0":{"loc":{"start":{"line":3,"column":13},"end":{"line":3,"column":38}},"type":"binary-expr","locations":[{"start":{"line":3,"column":13},"end":{"line":3,"column":30}},{"start":{"line":3,"column":34},"end":{"line":3,"column":38}}]}},"s":{"0":0,"1":0,"2":0,"3":0,"4":0},"f":{"0":0,"1":0},"b":{"0":[0,0]}}
,"/home/christaine/typescript/projetos/drivent1-ref-initial/src/config/database.ts": {"path":"/home/christaine/typescript/projetos/drivent1-ref-initial/src/config/database.ts","statementMap":{"0":{"start":{"line":1,"column":0},"end":{"line":1,"column":46}},"1":{"start":{"line":5,"column":2},"end":{"line":5,"column":30}},"2":{"start":{"line":4,"column":0},"end":{"line":4,"column":16}},"3":{"start":{"line":9,"column":2},"end":{"line":9,"column":30}},"4":{"start":{"line":8,"column":0},"end":{"line":8,"column":7}}},"fnMap":{"0":{"name":"connectDb","decl":{"start":{"line":4,"column":16},"end":{"line":4,"column":25}},"loc":{"start":{"line":4,"column":25},"end":{"line":6,"column":1}}},"1":{"name":"disconnectDB","decl":{"start":{"line":8,"column":22},"end":{"line":8,"column":34}},"loc":{"start":{"line":8,"column":34},"end":{"line":10,"column":1}}}},"branchMap":{},"s":{"0":14,"1":11,"2":14,"3":0,"4":14},"f":{"0":11,"1":0},"b":{}}
,"/home/christaine/typescript/projetos/drivent1-ref-initial/src/config/envs.ts": {"path":"/home/christaine/typescript/projetos/drivent1-ref-initial/src/config/envs.ts","statementMap":{"0":{"start":{"line":1,"column":0},"end":{"line":1,"column":28}},"1":{"start":{"line":2,"column":0},"end":{"line":2,"column":41}},"2":{"start":{"line":6,"column":4},"end":{"line":10,"column":14}},"3":{"start":{"line":12,"column":22},"end":{"line":12,"column":45}},"4":{"start":{"line":13,"column":2},"end":{"line":13,"column":35}},"5":{"start":{"line":4,"column":0},"end":{"line":4,"column":16}}},"fnMap":{"0":{"name":"loadEnv","decl":{"start":{"line":4,"column":16},"end":{"line":4,"column":23}},"loc":{"start":{"line":4,"column":23},"end":{"line":14,"column":1}}}},"branchMap":{"0":{"loc":{"start":{"line":6,"column":4},"end":{"line":10,"column":14}},"type":"cond-expr","locations":[{"start":{"line":7,"column":8},"end":{"line":7,"column":19}},{"start":{"line":8,"column":8},"end":{"line":10,"column":14}}]},"1":{"loc":{"start":{"line":8,"column":8},"end":{"line":10,"column":14}},"type":"cond-expr","locations":[{"start":{"line":9,"column":8},"end":{"line":9,"column":26}},{"start":{"line":10,"column":8},"end":{"line":10,"column":14}}]}},"s":{"0":14,"1":14,"2":25,"3":25,"4":25,"5":14},"f":{"0":25},"b":{"0":[25,0],"1":[0,0]}}
,"/home/christaine/typescript/projetos/drivent1-ref-initial/src/config/index.ts": {"path":"/home/christaine/typescript/projetos/drivent1-ref-initial/src/config/index.ts","statementMap":{"0":{"start":{"line":1,"column":0},"end":{"line":1,"column":23}},"1":{"start":{"line":2,"column":0},"end":{"line":2,"column":27}}},"fnMap":{},"branchMap":{},"s":{"0":14,"1":14},"f":{},"b":{}}
,"/home/christaine/typescript/projetos/drivent1-ref-initial/src/controllers/authentication-controller.ts": {"path":"/home/christaine/typescript/projetos/drivent1-ref-initial/src/controllers/authentication-controller.ts","statementMap":{"0":{"start":{"line":2,"column":0},"end":{"line":2,"column":37}},"1":{"start":{"line":3,"column":0},"end":{"line":3,"column":88}},"2":{"start":{"line":6,"column":30},"end":{"line":6,"column":54}},"3":{"start":{"line":8,"column":2},"end":{"line":14,"column":null}},"4":{"start":{"line":9,"column":19},"end":{"line":9,"column":74}},"5":{"start":{"line":11,"column":4},"end":{"line":11,"column":50}},"6":{"start":{"line":13,"column":4},"end":{"line":13,"column":56}},"7":{"start":{"line":5,"column":0},"end":{"line":5,"column":7}}},"fnMap":{"0":{"name":"singInPost","decl":{"start":{"line":5,"column":22},"end":{"line":5,"column":32}},"loc":{"start":{"line":5,"column":60},"end":{"line":15,"column":1}}}},"branchMap":{},"s":{"0":11,"1":11,"2":5,"3":5,"4":5,"5":3,"6":2,"7":11},"f":{"0":5},"b":{}}
,"/home/christaine/typescript/projetos/drivent1-ref-initial/src/controllers/bookings-controller.ts": {"path":"/home/christaine/typescript/projetos/drivent1-ref-initial/src/controllers/bookings-controller.ts","statementMap":{"0":{"start":{"line":2,"column":0},"end":{"line":2,"column":37}},"1":{"start":{"line":4,"column":0},"end":{"line":4,"column":58}},"2":{"start":{"line":7,"column":17},"end":{"line":7,"column":27}},"3":{"start":{"line":8,"column":25},"end":{"line":8,"column":40}},"4":{"start":{"line":10,"column":2},"end":{"line":15,"column":null}},"5":{"start":{"line":11,"column":20},"end":{"line":11,"column":71}},"6":{"start":{"line":12,"column":4},"end":{"line":12,"column":69}},"7":{"start":{"line":14,"column":4},"end":{"line":14,"column":16}},"8":{"start":{"line":6,"column":0},"end":{"line":6,"column":7}},"9":{"start":{"line":19,"column":17},"end":{"line":19,"column":27}},"10":{"start":{"line":20,"column":2},"end":{"line":25,"column":null}},"11":{"start":{"line":21,"column":20},"end":{"line":21,"column":60}},"12":{"start":{"line":22,"column":4},"end":{"line":22,"column":41}},"13":{"start":{"line":24,"column":4},"end":{"line":24,"column":16}},"14":{"start":{"line":18,"column":0},"end":{"line":18,"column":7}},"15":{"start":{"line":29,"column":20},"end":{"line":29,"column":48}},"16":{"start":{"line":30,"column":25},"end":{"line":30,"column":40}},"17":{"start":{"line":31,"column":2},"end":{"line":36,"column":null}},"18":{"start":{"line":32,"column":33},"end":{"line":32,"column":87}},"19":{"start":{"line":33,"column":4},"end":{"line":33,"column":69}},"20":{"start":{"line":35,"column":4},"end":{"line":35,"column":16}},"21":{"start":{"line":28,"column":0},"end":{"line":28,"column":7}}},"fnMap":{"0":{"name":"createBooking","decl":{"start":{"line":6,"column":22},"end":{"line":6,"column":35}},"loc":{"start":{"line":6,"column":96},"end":{"line":16,"column":1}}},"1":{"name":"getBooking","decl":{"start":{"line":18,"column":22},"end":{"line":18,"column":32}},"loc":{"start":{"line":18,"column":93},"end":{"line":26,"column":1}}},"2":{"name":"updateBooking","decl":{"start":{"line":28,"column":22},"end":{"line":28,"column":35}},"loc":{"start":{"line":28,"column":96},"end":{"line":37,"column":1}}}},"branchMap":{},"s":{"0":11,"1":11,"2":6,"3":6,"4":6,"5":6,"6":1,"7":5,"8":11,"9":2,"10":2,"11":2,"12":1,"13":1,"14":11,"15":3,"16":3,"17":3,"18":3,"19":1,"20":2,"21":11},"f":{"0":6,"1":2,"2":3},"b":{}}
,"/home/christaine/typescript/projetos/drivent1-ref-initial/src/controllers/enrollments-controller.ts": {"path":"/home/christaine/typescript/projetos/drivent1-ref-initial/src/controllers/enrollments-controller.ts","statementMap":{"0":{"start":{"line":2,"column":0},"end":{"line":2,"column":37}},"1":{"start":{"line":4,"column":0},"end":{"line":4,"column":64}},"2":{"start":{"line":7,"column":21},"end":{"line":7,"column":24}},"3":{"start":{"line":9,"column":2},"end":{"line":15,"column":null}},"4":{"start":{"line":10,"column":34},"end":{"line":10,"column":92}},"5":{"start":{"line":12,"column":4},"end":{"line":12,"column":65}},"6":{"start":{"line":14,"column":4},"end":{"line":14,"column":49}},"7":{"start":{"line":6,"column":0},"end":{"line":6,"column":7}},"8":{"start":{"line":19,"column":2},"end":{"line":28,"column":null}},"9":{"start":{"line":20,"column":4},"end":{"line":23,"column":7}},"10":{"start":{"line":25,"column":4},"end":{"line":25,"column":41}},"11":{"start":{"line":27,"column":4},"end":{"line":27,"column":50}},"12":{"start":{"line":18,"column":0},"end":{"line":18,"column":7}},"13":{"start":{"line":32,"column":18},"end":{"line":32,"column":53}},"14":{"start":{"line":34,"column":2},"end":{"line":39,"column":null}},"15":{"start":{"line":35,"column":20},"end":{"line":35,"column":67}},"16":{"start":{"line":36,"column":4},"end":{"line":36,"column":44}},"17":{"start":{"line":38,"column":4},"end":{"line":38,"column":16}},"18":{"start":{"line":31,"column":0},"end":{"line":31,"column":7}}},"fnMap":{"0":{"name":"getEnrollmentByUser","decl":{"start":{"line":6,"column":22},"end":{"line":6,"column":41}},"loc":{"start":{"line":6,"column":82},"end":{"line":16,"column":1}}},"1":{"name":"postCreateOrUpdateEnrollment","decl":{"start":{"line":18,"column":22},"end":{"line":18,"column":50}},"loc":{"start":{"line":18,"column":91},"end":{"line":29,"column":1}}},"2":{"name":"getAddressFromCEP","decl":{"start":{"line":31,"column":22},"end":{"line":31,"column":39}},"loc":{"start":{"line":31,"column":100},"end":{"line":40,"column":1}}}},"branchMap":{},"s":{"0":11,"1":11,"2":2,"3":2,"4":2,"5":1,"6":1,"7":11,"8":2,"9":2,"10":2,"11":0,"12":11,"13":2,"14":2,"15":2,"16":1,"17":1,"18":11},"f":{"0":2,"1":2,"2":2},"b":{}}
,"/home/christaine/typescript/projetos/drivent1-ref-initial/src/controllers/events-controller.ts": {"path":"/home/christaine/typescript/projetos/drivent1-ref-initial/src/controllers/events-controller.ts","statementMap":{"0":{"start":{"line":2,"column":0},"end":{"line":2,"column":37}},"1":{"start":{"line":3,"column":0},"end":{"line":3,"column":54}},"2":{"start":{"line":6,"column":2},"end":{"line":11,"column":null}},"3":{"start":{"line":7,"column":18},"end":{"line":7,"column":53}},"4":{"start":{"line":8,"column":4},"end":{"line":8,"column":49}},"5":{"start":{"line":10,"column":4},"end":{"line":10,"column":53}},"6":{"start":{"line":5,"column":0},"end":{"line":5,"column":7}}},"fnMap":{"0":{"name":"getDefaultEvent","decl":{"start":{"line":5,"column":22},"end":{"line":5,"column":37}},"loc":{"start":{"line":5,"column":66},"end":{"line":12,"column":1}}}},"branchMap":{},"s":{"0":11,"1":11,"2":2,"3":2,"4":1,"5":1,"6":11},"f":{"0":2},"b":{}}
,"/home/christaine/typescript/projetos/drivent1-ref-initial/src/controllers/hotels-controllers.ts": {"path":"/home/christaine/typescript/projetos/drivent1-ref-initial/src/controllers/hotels-controllers.ts","statementMap":{"0":{"start":{"line":2,"column":0},"end":{"line":2,"column":37}},"1":{"start":{"line":4,"column":0},"end":{"line":4,"column":56}},"2":{"start":{"line":7,"column":17},"end":{"line":7,"column":27}},"3":{"start":{"line":8,"column":2},"end":{"line":13,"column":null}},"4":{"start":{"line":9,"column":22},"end":{"line":9,"column":61}},"5":{"start":{"line":10,"column":4},"end":{"line":10,"column":53}},"6":{"start":{"line":12,"column":4},"end":{"line":12,"column":16}},"7":{"start":{"line":6,"column":0},"end":{"line":6,"column":7}},"8":{"start":{"line":17,"column":17},"end":{"line":17,"column":27}},"9":{"start":{"line":18,"column":18},"end":{"line":18,"column":44}},"10":{"start":{"line":19,"column":2},"end":{"line":24,"column":null}},"11":{"start":{"line":20,"column":22},"end":{"line":20,"column":66}},"12":{"start":{"line":21,"column":4},"end":{"line":21,"column":53}},"13":{"start":{"line":23,"column":4},"end":{"line":23,"column":16}},"14":{"start":{"line":16,"column":0},"end":{"line":16,"column":7}}},"fnMap":{"0":{"name":"getAllHotels","decl":{"start":{"line":6,"column":22},"end":{"line":6,"column":34}},"loc":{"start":{"line":6,"column":95},"end":{"line":14,"column":1}}},"1":{"name":"listRooms","decl":{"start":{"line":16,"column":22},"end":{"line":16,"column":31}},"loc":{"start":{"line":16,"column":92},"end":{"line":25,"column":1}}}},"branchMap":{},"s":{"0":11,"1":11,"2":4,"3":4,"4":4,"5":1,"6":3,"7":11,"8":5,"9":5,"10":5,"11":5,"12":1,"13":4,"14":11},"f":{"0":4,"1":5},"b":{}}
,"/home/christaine/typescript/projetos/drivent1-ref-initial/src/controllers/index.ts": {"path":"/home/christaine/typescript/projetos/drivent1-ref-initial/src/controllers/index.ts","statementMap":{"0":{"start":{"line":1,"column":0},"end":{"line":1,"column":35}},"1":{"start":{"line":2,"column":0},"end":{"line":2,"column":44}},"2":{"start":{"line":3,"column":0},"end":{"line":3,"column":36}},"3":{"start":{"line":4,"column":0},"end":{"line":4,"column":41}},"4":{"start":{"line":5,"column":0},"end":{"line":5,"column":37}},"5":{"start":{"line":6,"column":0},"end":{"line":6,"column":38}},"6":{"start":{"line":7,"column":0},"end":{"line":7,"column":37}},"7":{"start":{"line":8,"column":0},"end":{"line":8,"column":38}}},"fnMap":{},"branchMap":{},"s":{"0":11,"1":11,"2":11,"3":11,"4":11,"5":11,"6":11,"7":11},"f":{},"b":{}}
,"/home/christaine/typescript/projetos/drivent1-ref-initial/src/controllers/payments-controller.ts": {"path":"/home/christaine/typescript/projetos/drivent1-ref-initial/src/controllers/payments-controller.ts","statementMap":{"0":{"start":{"line":2,"column":0},"end":{"line":2,"column":37}},"1":{"start":{"line":4,"column":0},"end":{"line":4,"column":56}},"2":{"start":{"line":8,"column":17},"end":{"line":8,"column":35}},"3":{"start":{"line":9,"column":19},"end":{"line":9,"column":33}},"4":{"start":{"line":10,"column":17},"end":{"line":10,"column":27}},"5":{"start":{"line":11,"column":2},"end":{"line":16,"column":null}},"6":{"start":{"line":12,"column":19},"end":{"line":12,"column":74}},"7":{"start":{"line":13,"column":4},"end":{"line":13,"column":50}},"8":{"start":{"line":15,"column":4},"end":{"line":15,"column":16}},"9":{"start":{"line":7,"column":0},"end":{"line":7,"column":7}},"10":{"start":{"line":20,"column":33},"end":{"line":20,"column":85}},"11":{"start":{"line":21,"column":17},"end":{"line":21,"column":27}},"12":{"start":{"line":22,"column":2},"end":{"line":27,"column":null}},"13":{"start":{"line":23,"column":19},"end":{"line":23,"column":77}},"14":{"start":{"line":24,"column":4},"end":{"line":24,"column":50}},"15":{"start":{"line":26,"column":4},"end":{"line":26,"column":16}},"16":{"start":{"line":19,"column":0},"end":{"line":19,"column":7}}},"fnMap":{"0":{"name":"getTicketPayment","decl":{"start":{"line":7,"column":22},"end":{"line":7,"column":38}},"loc":{"start":{"line":7,"column":99},"end":{"line":17,"column":1}}},"1":{"name":"payTicket","decl":{"start":{"line":19,"column":22},"end":{"line":19,"column":31}},"loc":{"start":{"line":19,"column":92},"end":{"line":28,"column":1}}}},"branchMap":{},"s":{"0":11,"1":11,"2":4,"3":4,"4":4,"5":4,"6":4,"7":1,"8":3,"9":11,"10":7,"11":7,"12":7,"13":7,"14":3,"15":4,"16":11},"f":{"0":4,"1":7},"b":{}}
,"/home/christaine/typescript/projetos/drivent1-ref-initial/src/controllers/tickets-controller.ts": {"path":"/home/christaine/typescript/projetos/drivent1-ref-initial/src/controllers/tickets-controller.ts","statementMap":{"0":{"start":{"line":2,"column":0},"end":{"line":2,"column":37}},"1":{"start":{"line":4,"column":0},"end":{"line":4,"column":55}},"2":{"start":{"line":7,"column":17},"end":{"line":7,"column":27}},"3":{"start":{"line":8,"column":27},"end":{"line":8,"column":63}},"4":{"start":{"line":9,"column":2},"end":{"line":14,"column":null}},"5":{"start":{"line":10,"column":26},"end":{"line":10,"column":80}},"6":{"start":{"line":11,"column":4},"end":{"line":11,"column":62}},"7":{"start":{"line":13,"column":4},"end":{"line":13,"column":16}},"8":{"start":{"line":6,"column":0},"end":{"line":6,"column":7}},"9":{"start":{"line":18,"column":2},"end":{"line":23,"column":null}},"10":{"start":{"line":19,"column":19},"end":{"line":19,"column":56}},"11":{"start":{"line":20,"column":4},"end":{"line":20,"column":50}},"12":{"start":{"line":22,"column":4},"end":{"line":22,"column":16}},"13":{"start":{"line":17,"column":0},"end":{"line":17,"column":7}},"14":{"start":{"line":27,"column":17},"end":{"line":27,"column":37}},"15":{"start":{"line":28,"column":2},"end":{"line":33,"column":null}},"16":{"start":{"line":29,"column":19},"end":{"line":29,"column":61}},"17":{"start":{"line":30,"column":4},"end":{"line":30,"column":50}},"18":{"start":{"line":32,"column":4},"end":{"line":32,"column":16}},"19":{"start":{"line":26,"column":0},"end":{"line":26,"column":7}}},"fnMap":{"0":{"name":"createTicket","decl":{"start":{"line":6,"column":22},"end":{"line":6,"column":34}},"loc":{"start":{"line":6,"column":95},"end":{"line":15,"column":1}}},"1":{"name":"getTicketsTypes","decl":{"start":{"line":17,"column":22},"end":{"line":17,"column":37}},"loc":{"start":{"line":17,"column":98},"end":{"line":24,"column":1}}},"2":{"name":"getUserTickets","decl":{"start":{"line":26,"column":22},"end":{"line":26,"column":36}},"loc":{"start":{"line":26,"column":97},"end":{"line":34,"column":1}}}},"branchMap":{},"s":{"0":11,"1":11,"2":3,"3":3,"4":3,"5":3,"6":2,"7":1,"8":11,"9":2,"10":2,"11":2,"12":0,"13":11,"14":3,"15":3,"16":3,"17":1,"18":2,"19":11},"f":{"0":3,"1":2,"2":3},"b":{}}
,"/home/christaine/typescript/projetos/drivent1-ref-initial/src/controllers/users-controller.ts": {"path":"/home/christaine/typescript/projetos/drivent1-ref-initial/src/controllers/users-controller.ts","statementMap":{"0":{"start":{"line":2,"column":0},"end":{"line":2,"column":37}},"1":{"start":{"line":3,"column":0},"end":{"line":3,"column":51}},"2":{"start":{"line":6,"column":30},"end":{"line":6,"column":38}},"3":{"start":{"line":8,"column":2},"end":{"line":19,"column":null}},"4":{"start":{"line":9,"column":17},"end":{"line":9,"column":66}},"5":{"start":{"line":10,"column":4},"end":{"line":13,"column":7}},"6":{"start":{"line":15,"column":4},"end":{"line":17,"column":null}},"7":{"start":{"line":16,"column":6},"end":{"line":16,"column":57}},"8":{"start":{"line":18,"column":4},"end":{"line":18,"column":58}},"9":{"start":{"line":5,"column":0},"end":{"line":5,"column":7}}},"fnMap":{"0":{"name":"usersPost","decl":{"start":{"line":5,"column":22},"end":{"line":5,"column":31}},"loc":{"start":{"line":5,"column":59},"end":{"line":20,"column":1}}}},"branchMap":{"0":{"loc":{"start":{"line":15,"column":4},"end":{"line":17,"column":null}},"type":"if","locations":[{"start":{"line":15,"column":4},"end":{"line":17,"column":null}}]}},"s":{"0":11,"1":11,"2":6,"3":6,"4":6,"5":3,"6":3,"7":1,"8":2,"9":11},"f":{"0":6},"b":{"0":[1]}}
,"/home/christaine/typescript/projetos/drivent1-ref-initial/src/errors/cannot-enroll-before-start-date-error.ts": {"path":"/home/christaine/typescript/projetos/drivent1-ref-initial/src/errors/cannot-enroll-before-start-date-error.ts","statementMap":{"0":{"start":{"line":4,"column":2},"end":{"line":7,"column":4}},"1":{"start":{"line":3,"column":0},"end":{"line":3,"column":16}}},"fnMap":{"0":{"name":"cannotEnrollBeforeStartDateError","decl":{"start":{"line":3,"column":16},"end":{"line":3,"column":48}},"loc":{"start":{"line":3,"column":48},"end":{"line":8,"column":1}}}},"branchMap":{},"s":{"0":2,"1":11},"f":{"0":2},"b":{}}
,"/home/christaine/typescript/projetos/drivent1-ref-initial/src/errors/conflict-error.ts": {"path":"/home/christaine/typescript/projetos/drivent1-ref-initial/src/errors/conflict-error.ts","statementMap":{"0":{"start":{"line":4,"column":2},"end":{"line":7,"column":4}},"1":{"start":{"line":3,"column":0},"end":{"line":3,"column":16}}},"fnMap":{"0":{"name":"conflictError","decl":{"start":{"line":3,"column":16},"end":{"line":3,"column":29}},"loc":{"start":{"line":3,"column":45},"end":{"line":8,"column":1}}}},"branchMap":{},"s":{"0":0,"1":11},"f":{"0":0},"b":{}}
,"/home/christaine/typescript/projetos/drivent1-ref-initial/src/errors/forbidden-error.ts": {"path":"/home/christaine/typescript/projetos/drivent1-ref-initial/src/errors/forbidden-error.ts","statementMap":{"0":{"start":{"line":4,"column":2},"end":{"line":7,"column":4}},"1":{"start":{"line":3,"column":0},"end":{"line":3,"column":16}}},"fnMap":{"0":{"name":"forbidden","decl":{"start":{"line":3,"column":16},"end":{"line":3,"column":25}},"loc":{"start":{"line":3,"column":25},"end":{"line":8,"column":1}}}},"branchMap":{},"s":{"0":4,"1":11},"f":{"0":4},"b":{}}
,"/home/christaine/typescript/projetos/drivent1-ref-initial/src/errors/index.ts": {"path":"/home/christaine/typescript/projetos/drivent1-ref-initial/src/errors/index.ts","statementMap":{"0":{"start":{"line":1,"column":0},"end":{"line":1,"column":56}},"1":{"start":{"line":2,"column":0},"end":{"line":2,"column":33}},"2":{"start":{"line":3,"column":0},"end":{"line":3,"column":37}},"3":{"start":{"line":4,"column":0},"end":{"line":4,"column":38}},"4":{"start":{"line":5,"column":0},"end":{"line":5,"column":34}},"5":{"start":{"line":6,"column":0},"end":{"line":6,"column":37}},"6":{"start":{"line":7,"column":0},"end":{"line":7,"column":32}},"7":{"start":{"line":8,"column":0},"end":{"line":8,"column":43}},"8":{"start":{"line":9,"column":0},"end":{"line":9,"column":38}},"9":{"start":{"line":10,"column":0},"end":{"line":10,"column":47}},"10":{"start":{"line":11,"column":0},"end":{"line":11,"column":41}},"11":{"start":{"line":12,"column":0},"end":{"line":12,"column":34}}},"fnMap":{},"branchMap":{},"s":{"0":11,"1":11,"2":11,"3":11,"4":11,"5":11,"6":11,"7":11,"8":11,"9":11,"10":11,"11":11},"f":{},"b":{}}
,"/home/christaine/typescript/projetos/drivent1-ref-initial/src/errors/invalid-cep-format-error.ts": {"path":"/home/christaine/typescript/projetos/drivent1-ref-initial/src/errors/invalid-cep-format-error.ts","statementMap":{"0":{"start":{"line":4,"column":2},"end":{"line":7,"column":4}},"1":{"start":{"line":3,"column":0},"end":{"line":3,"column":16}}},"fnMap":{"0":{"name":"invalidCepFormat","decl":{"start":{"line":3,"column":16},"end":{"line":3,"column":32}},"loc":{"start":{"line":3,"column":32},"end":{"line":8,"column":1}}}},"branchMap":{},"s":{"0":1,"1":11},"f":{"0":1},"b":{}}
,"/home/christaine/typescript/projetos/drivent1-ref-initial/src/errors/invalid-data-error.ts": {"path":"/home/christaine/typescript/projetos/drivent1-ref-initial/src/errors/invalid-data-error.ts","statementMap":{"0":{"start":{"line":4,"column":2},"end":{"line":8,"column":4}},"1":{"start":{"line":3,"column":0},"end":{"line":3,"column":16}}},"fnMap":{"0":{"name":"invalidDataError","decl":{"start":{"line":3,"column":16},"end":{"line":3,"column":32}},"loc":{"start":{"line":3,"column":50},"end":{"line":9,"column":1}}}},"branchMap":{},"s":{"0":8,"1":11},"f":{"0":8},"b":{}}
,"/home/christaine/typescript/projetos/drivent1-ref-initial/src/errors/invalid-email-error.ts": {"path":"/home/christaine/typescript/projetos/drivent1-ref-initial/src/errors/invalid-email-error.ts","statementMap":{"0":{"start":{"line":4,"column":2},"end":{"line":8,"column":4}},"1":{"start":{"line":3,"column":0},"end":{"line":3,"column":16}}},"fnMap":{"0":{"name":"invalidEmailError","decl":{"start":{"line":3,"column":16},"end":{"line":3,"column":33}},"loc":{"start":{"line":3,"column":47},"end":{"line":9,"column":1}}}},"branchMap":{},"s":{"0":0,"1":11},"f":{"0":0},"b":{}}
,"/home/christaine/typescript/projetos/drivent1-ref-initial/src/errors/invalid-or-not-sent-id-error.ts": {"path":"/home/christaine/typescript/projetos/drivent1-ref-initial/src/errors/invalid-or-not-sent-id-error.ts","statementMap":{"0":{"start":{"line":4,"column":2},"end":{"line":7,"column":4}},"1":{"start":{"line":3,"column":0},"end":{"line":3,"column":16}}},"fnMap":{"0":{"name":"invalidOrNotSentId","decl":{"start":{"line":3,"column":16},"end":{"line":3,"column":34}},"loc":{"start":{"line":3,"column":34},"end":{"line":8,"column":1}}}},"branchMap":{},"s":{"0":3,"1":11},"f":{"0":3},"b":{}}
,"/home/christaine/typescript/projetos/drivent1-ref-initial/src/errors/not-found-cep-error.ts": {"path":"/home/christaine/typescript/projetos/drivent1-ref-initial/src/errors/not-found-cep-error.ts","statementMap":{"0":{"start":{"line":4,"column":2},"end":{"line":7,"column":4}},"1":{"start":{"line":3,"column":0},"end":{"line":3,"column":16}}},"fnMap":{"0":{"name":"notFoundCepError","decl":{"start":{"line":3,"column":16},"end":{"line":3,"column":32}},"loc":{"start":{"line":3,"column":32},"end":{"line":8,"column":1}}}},"branchMap":{},"s":{"0":0,"1":11},"f":{"0":0},"b":{}}
,"/home/christaine/typescript/projetos/drivent1-ref-initial/src/errors/not-found-error.ts": {"path":"/home/christaine/typescript/projetos/drivent1-ref-initial/src/errors/not-found-error.ts","statementMap":{"0":{"start":{"line":4,"column":2},"end":{"line":7,"column":4}},"1":{"start":{"line":3,"column":0},"end":{"line":3,"column":16}}},"fnMap":{"0":{"name":"notFoundError","decl":{"start":{"line":3,"column":16},"end":{"line":3,"column":29}},"loc":{"start":{"line":3,"column":29},"end":{"line":8,"column":1}}}},"branchMap":{},"s":{"0":14,"1":11},"f":{"0":14},"b":{}}
,"/home/christaine/typescript/projetos/drivent1-ref-initial/src/errors/payment-required-error.ts": {"path":"/home/christaine/typescript/projetos/drivent1-ref-initial/src/errors/payment-required-error.ts","statementMap":{"0":{"start":{"line":4,"column":2},"end":{"line":7,"column":4}},"1":{"start":{"line":3,"column":0},"end":{"line":3,"column":16}}},"fnMap":{"0":{"name":"paymentRequired","decl":{"start":{"line":3,"column":16},"end":{"line":3,"column":31}},"loc":{"start":{"line":3,"column":31},"end":{"line":8,"column":1}}}},"branchMap":{},"s":{"0":4,"1":11},"f":{"0":4},"b":{}}
,"/home/christaine/typescript/projetos/drivent1-ref-initial/src/errors/request-error.ts": {"path":"/home/christaine/typescript/projetos/drivent1-ref-initial/src/errors/request-error.ts","statementMap":{"0":{"start":{"line":4,"column":2},"end":{"line":10,"column":4}},"1":{"start":{"line":3,"column":0},"end":{"line":3,"column":16}}},"fnMap":{"0":{"name":"requestError","decl":{"start":{"line":3,"column":16},"end":{"line":3,"column":28}},"loc":{"start":{"line":3,"column":63},"end":{"line":11,"column":1}}}},"branchMap":{},"s":{"0":1,"1":11},"f":{"0":1},"b":{}}
,"/home/christaine/typescript/projetos/drivent1-ref-initial/src/errors/unauthorized-error.ts": {"path":"/home/christaine/typescript/projetos/drivent1-ref-initial/src/errors/unauthorized-error.ts","statementMap":{"0":{"start":{"line":4,"column":2},"end":{"line":7,"column":4}},"1":{"start":{"line":3,"column":0},"end":{"line":3,"column":16}}},"fnMap":{"0":{"name":"unauthorizedError","decl":{"start":{"line":3,"column":16},"end":{"line":3,"column":33}},"loc":{"start":{"line":3,"column":33},"end":{"line":8,"column":1}}}},"branchMap":{},"s":{"0":23,"1":11},"f":{"0":23},"b":{}}
,"/home/christaine/typescript/projetos/drivent1-ref-initial/src/middlewares/authentication-middleware.ts": {"path":"/home/christaine/typescript/projetos/drivent1-ref-initial/src/middlewares/authentication-middleware.ts","statementMap":{"0":{"start":{"line":2,"column":0},"end":{"line":2,"column":37}},"1":{"start":{"line":3,"column":0},"end":{"line":3,"column":36}},"2":{"start":{"line":5,"column":0},"end":{"line":5,"column":45}},"3":{"start":{"line":6,"column":0},"end":{"line":6,"column":34}},"4":{"start":{"line":9,"column":21},"end":{"line":9,"column":48}},"5":{"start":{"line":10,"column":2},"end":{"line":10,"column":60}},"6":{"start":{"line":10,"column":19},"end":{"line":10,"column":60}},"7":{"start":{"line":12,"column":16},"end":{"line":12,"column":40}},"8":{"start":{"line":13,"column":2},"end":{"line":13,"column":55}},"9":{"start":{"line":13,"column":14},"end":{"line":13,"column":55}},"10":{"start":{"line":15,"column":2},"end":{"line":30,"column":null}},"11":{"start":{"line":16,"column":23},"end":{"line":16,"column":78}},"12":{"start":{"line":18,"column":20},"end":{"line":22,"column":6}},"13":{"start":{"line":23,"column":4},"end":{"line":23,"column":59}},"14":{"start":{"line":23,"column":18},"end":{"line":23,"column":59}},"15":{"start":{"line":25,"column":4},"end":{"line":25,"column":24}},"16":{"start":{"line":27,"column":4},"end":{"line":27,"column":18}},"17":{"start":{"line":29,"column":4},"end":{"line":29,"column":45}},"18":{"start":{"line":8,"column":0},"end":{"line":8,"column":7}},"19":{"start":{"line":34,"column":2},"end":{"line":34,"column":64}}},"fnMap":{"0":{"name":"authenticateToken","decl":{"start":{"line":8,"column":22},"end":{"line":8,"column":39}},"loc":{"start":{"line":8,"column":100},"end":{"line":31,"column":1}}},"1":{"name":"generateUnauthorizedResponse","decl":{"start":{"line":33,"column":9},"end":{"line":33,"column":37}},"loc":{"start":{"line":33,"column":51},"end":{"line":35,"column":1}}}},"branchMap":{"0":{"loc":{"start":{"line":10,"column":2},"end":{"line":10,"column":60}},"type":"if","locations":[{"start":{"line":10,"column":2},"end":{"line":10,"column":60}}]},"1":{"loc":{"start":{"line":13,"column":2},"end":{"line":13,"column":55}},"type":"if","locations":[{"start":{"line":13,"column":2},"end":{"line":13,"column":55}}]},"2":{"loc":{"start":{"line":23,"column":4},"end":{"line":23,"column":59}},"type":"if","locations":[{"start":{"line":23,"column":4},"end":{"line":23,"column":59}}]}},"s":{"0":11,"1":11,"2":11,"3":11,"4":70,"5":70,"6":7,"7":63,"8":63,"9":0,"10":63,"11":63,"12":56,"13":56,"14":7,"15":49,"16":49,"17":7,"18":11,"19":21},"f":{"0":70,"1":21},"b":{"0":[7],"1":[0],"2":[7]}}
,"/home/christaine/typescript/projetos/drivent1-ref-initial/src/middlewares/error-handling-middleware.ts": {"path":"/home/christaine/typescript/projetos/drivent1-ref-initial/src/middlewares/error-handling-middleware.ts","statementMap":{"0":{"start":{"line":2,"column":0},"end":{"line":2,"column":37}},"1":{"start":{"line":11,"column":2},"end":{"line":15,"column":null}},"2":{"start":{"line":12,"column":4},"end":{"line":14,"column":7}},"3":{"start":{"line":17,"column":2},"end":{"line":21,"column":null}},"4":{"start":{"line":18,"column":4},"end":{"line":20,"column":7}},"5":{"start":{"line":23,"column":2},"end":{"line":27,"column":null}},"6":{"start":{"line":24,"column":4},"end":{"line":26,"column":7}},"7":{"start":{"line":29,"column":2},"end":{"line":33,"column":null}},"8":{"start":{"line":30,"column":4},"end":{"line":32,"column":7}},"9":{"start":{"line":35,"column":2},"end":{"line":39,"column":null}},"10":{"start":{"line":36,"column":4},"end":{"line":38,"column":7}},"11":{"start":{"line":41,"column":2},"end":{"line":43,"column":null}},"12":{"start":{"line":42,"column":4},"end":{"line":42,"column":76}},"13":{"start":{"line":45,"column":2},"end":{"line":47,"column":null}},"14":{"start":{"line":46,"column":4},"end":{"line":46,"column":69}},"15":{"start":{"line":49,"column":2},"end":{"line":51,"column":null}},"16":{"start":{"line":50,"column":4},"end":{"line":50,"column":62}},"17":{"start":{"line":54,"column":2},"end":{"line":54,"column":26}},"18":{"start":{"line":55,"column":2},"end":{"line":58,"column":5}},"19":{"start":{"line":5,"column":0},"end":{"line":5,"column":16}}},"fnMap":{"0":{"name":"handleApplicationErrors","decl":{"start":{"line":5,"column":16},"end":{"line":5,"column":39}},"loc":{"start":{"line":9,"column":20},"end":{"line":59,"column":1}}}},"branchMap":{"0":{"loc":{"start":{"line":11,"column":2},"end":{"line":15,"column":null}},"type":"if","locations":[{"start":{"line":11,"column":2},"end":{"line":15,"column":null}}]},"1":{"loc":{"start":{"line":11,"column":6},"end":{"line":11,"column":90}},"type":"binary-expr","locations":[{"start":{"line":11,"column":6},"end":{"line":11,"column":53}},{"start":{"line":11,"column":57},"end":{"line":11,"column":90}}]},"2":{"loc":{"start":{"line":17,"column":2},"end":{"line":21,"column":null}},"type":"if","locations":[{"start":{"line":17,"column":2},"end":{"line":21,"column":null}}]},"3":{"loc":{"start":{"line":17,"column":6},"end":{"line":17,"column":73}},"type":"binary-expr","locations":[{"start":{"line":17,"column":6},"end":{"line":17,"column":34}},{"start":{"line":17,"column":38},"end":{"line":17,"column":73}}]},"4":{"loc":{"start":{"line":23,"column":2},"end":{"line":27,"column":null}},"type":"if","locations":[{"start":{"line":23,"column":2},"end":{"line":27,"column":null}}]},"5":{"loc":{"start":{"line":29,"column":2},"end":{"line":33,"column":null}},"type":"if","locations":[{"start":{"line":29,"column":2},"end":{"line":33,"column":null}}]},"6":{"loc":{"start":{"line":35,"column":2},"end":{"line":39,"column":null}},"type":"if","locations":[{"start":{"line":35,"column":2},"end":{"line":39,"column":null}}]},"7":{"loc":{"start":{"line":41,"column":2},"end":{"line":43,"column":null}},"type":"if","locations":[{"start":{"line":41,"column":2},"end":{"line":43,"column":null}}]},"8":{"loc":{"start":{"line":41,"column":6},"end":{"line":41,"column":72}},"type":"binary-expr","locations":[{"start":{"line":41,"column":6},"end":{"line":41,"column":37}},{"start":{"line":41,"column":41},"end":{"line":41,"column":72}}]},"9":{"loc":{"start":{"line":45,"column":2},"end":{"line":47,"column":null}},"type":"if","locations":[{"start":{"line":45,"column":2},"end":{"line":47,"column":null}}]},"10":{"loc":{"start":{"line":49,"column":2},"end":{"line":51,"column":null}},"type":"if","locations":[{"start":{"line":49,"column":2},"end":{"line":51,"column":null}}]}},"s":{"0":11,"1":26,"2":3,"3":23,"4":0,"5":23,"6":0,"7":23,"8":2,"9":21,"10":12,"11":9,"12":1,"13":8,"14":4,"15":4,"16":4,"17":0,"18":0,"19":11},"f":{"0":26},"b":{"0":[3],"1":[26,26],"2":[0],"3":[23,23],"4":[0],"5":[2],"6":[12],"7":[1],"8":[9,8],"9":[4],"10":[4]}}
,"/home/christaine/typescript/projetos/drivent1-ref-initial/src/middlewares/index.ts": {"path":"/home/christaine/typescript/projetos/drivent1-ref-initial/src/middlewares/index.ts","statementMap":{"0":{"start":{"line":1,"column":0},"end":{"line":1,"column":44}},"1":{"start":{"line":2,"column":0},"end":{"line":2,"column":40}},"2":{"start":{"line":3,"column":0},"end":{"line":3,"column":44}}},"fnMap":{},"branchMap":{},"s":{"0":11,"1":11,"2":11},"f":{},"b":{}}
,"/home/christaine/typescript/projetos/drivent1-ref-initial/src/middlewares/validation-middleware.ts": {"path":"/home/christaine/typescript/projetos/drivent1-ref-initial/src/middlewares/validation-middleware.ts","statementMap":{"0":{"start":{"line":2,"column":0},"end":{"line":2,"column":37}},"1":{"start":{"line":4,"column":0},"end":{"line":4,"column":44}},"2":{"start":{"line":7,"column":2},"end":{"line":7,"column":34}},"3":{"start":{"line":6,"column":0},"end":{"line":6,"column":16}},"4":{"start":{"line":11,"column":2},"end":{"line":11,"column":36}},"5":{"start":{"line":10,"column":0},"end":{"line":10,"column":16}},"6":{"start":{"line":15,"column":2},"end":{"line":25,"column":4}},"7":{"start":{"line":16,"column":22},"end":{"line":18,"column":6}},"8":{"start":{"line":20,"column":4},"end":{"line":24,"column":null}},"9":{"start":{"line":21,"column":6},"end":{"line":21,"column":13}},"10":{"start":{"line":23,"column":6},"end":{"line":23,"column":101}},"11":{"start":{"line":23,"column":88},"end":{"line":23,"column":97}}},"fnMap":{"0":{"name":"validateBody","decl":{"start":{"line":6,"column":16},"end":{"line":6,"column":28}},"loc":{"start":{"line":6,"column":55},"end":{"line":8,"column":1}}},"1":{"name":"validateParams","decl":{"start":{"line":10,"column":16},"end":{"line":10,"column":30}},"loc":{"start":{"line":10,"column":57},"end":{"line":12,"column":1}}},"2":{"name":"validate","decl":{"start":{"line":14,"column":9},"end":{"line":14,"column":17}},"loc":{"start":{"line":14,"column":63},"end":{"line":26,"column":1}}},"3":{"name":"(anonymous_4)","decl":{"start":{"line":15,"column":9},"end":{"line":15,"column":10}},"loc":{"start":{"line":15,"column":61},"end":{"line":25,"column":3}}},"4":{"name":"(anonymous_5)","decl":{"start":{"line":23,"column":81},"end":{"line":23,"column":82}},"loc":{"start":{"line":23,"column":88},"end":{"line":23,"column":97}}}},"branchMap":{"0":{"loc":{"start":{"line":20,"column":4},"end":{"line":24,"column":null}},"type":"if","locations":[{"start":{"line":20,"column":4},"end":{"line":24,"column":null}},{"start":{"line":22,"column":11},"end":{"line":24,"column":null}}]}},"s":{"0":11,"1":11,"2":66,"3":11,"4":11,"5":11,"6":77,"7":38,"8":38,"9":30,"10":8,"11":24},"f":{"0":66,"1":11,"2":77,"3":38,"4":24},"b":{"0":[30,8]}}
,"/home/christaine/typescript/projetos/drivent1-ref-initial/src/repositories/address-repository/index.ts": {"path":"/home/christaine/typescript/projetos/drivent1-ref-initial/src/repositories/address-repository/index.ts","statementMap":{"0":{"start":{"line":2,"column":0},"end":{"line":2,"column":34}},"1":{"start":{"line":5,"column":2},"end":{"line":14,"column":5}},"2":{"start":{"line":20,"column":26},"end":{"line":22,"column":2}},"3":{"start":{"line":24,"column":0},"end":{"line":24,"column":33}}},"fnMap":{"0":{"name":"upsert","decl":{"start":{"line":4,"column":15},"end":{"line":4,"column":21}},"loc":{"start":{"line":4,"column":116},"end":{"line":15,"column":1}}}},"branchMap":{},"s":{"0":11,"1":2,"2":11,"3":11},"f":{"0":2},"b":{}}
,"/home/christaine/typescript/projetos/drivent1-ref-initial/src/repositories/booking-repository/index.ts": {"path":"/home/christaine/typescript/projetos/drivent1-ref-initial/src/repositories/booking-repository/index.ts","statementMap":{"0":{"start":{"line":1,"column":0},"end":{"line":1,"column":34}},"1":{"start":{"line":4,"column":2},"end":{"line":9,"column":5}},"2":{"start":{"line":12,"column":2},"end":{"line":14,"column":5}},"3":{"start":{"line":18,"column":2},"end":{"line":21,"column":5}},"4":{"start":{"line":25,"column":2},"end":{"line":28,"column":5}},"5":{"start":{"line":31,"column":2},"end":{"line":33,"column":5}},"6":{"start":{"line":36,"column":0},"end":{"line":42,"column":2}}},"fnMap":{"0":{"name":"createBooking","decl":{"start":{"line":3,"column":15},"end":{"line":3,"column":28}},"loc":{"start":{"line":3,"column":59},"end":{"line":10,"column":1}}},"1":{"name":"findbookingsForRoomId","decl":{"start":{"line":11,"column":15},"end":{"line":11,"column":36}},"loc":{"start":{"line":11,"column":47},"end":{"line":15,"column":1}}},"2":{"name":"findBookingForUserId","decl":{"start":{"line":17,"column":15},"end":{"line":17,"column":35}},"loc":{"start":{"line":17,"column":50},"end":{"line":22,"column":1}}},"3":{"name":"updateBooking","decl":{"start":{"line":24,"column":15},"end":{"line":24,"column":28}},"loc":{"start":{"line":24,"column":62},"end":{"line":29,"column":1}}},"4":{"name":"findBookingForId","decl":{"start":{"line":30,"column":15},"end":{"line":30,"column":31}},"loc":{"start":{"line":30,"column":49},"end":{"line":34,"column":1}}}},"branchMap":{},"s":{"0":11,"1":1,"2":4,"3":2,"4":1,"5":2,"6":11},"f":{"0":1,"1":4,"2":2,"3":1,"4":2},"b":{}}
,"/home/christaine/typescript/projetos/drivent1-ref-initial/src/repositories/enrollment-repository/index.ts": {"path":"/home/christaine/typescript/projetos/drivent1-ref-initial/src/repositories/enrollment-repository/index.ts","statementMap":{"0":{"start":{"line":2,"column":0},"end":{"line":2,"column":34}},"1":{"start":{"line":5,"column":2},"end":{"line":10,"column":5}},"2":{"start":{"line":18,"column":2},"end":{"line":24,"column":5}},"3":{"start":{"line":30,"column":29},"end":{"line":33,"column":2}},"4":{"start":{"line":35,"column":0},"end":{"line":35,"column":36}}},"fnMap":{"0":{"name":"findWithAddressByUserId","decl":{"start":{"line":4,"column":15},"end":{"line":4,"column":38}},"loc":{"start":{"line":4,"column":53},"end":{"line":11,"column":1}}},"1":{"name":"upsert","decl":{"start":{"line":13,"column":15},"end":{"line":13,"column":21}},"loc":{"start":{"line":16,"column":43},"end":{"line":25,"column":1}}}},"branchMap":{},"s":{"0":11,"1":8,"2":2,"3":11,"4":11},"f":{"0":8,"1":2},"b":{}}
,"/home/christaine/typescript/projetos/drivent1-ref-initial/src/repositories/event-repository/index.ts": {"path":"/home/christaine/typescript/projetos/drivent1-ref-initial/src/repositories/event-repository/index.ts","statementMap":{"0":{"start":{"line":1,"column":0},"end":{"line":1,"column":34}},"1":{"start":{"line":4,"column":2},"end":{"line":4,"column":34}},"2":{"start":{"line":7,"column":24},"end":{"line":9,"column":2}},"3":{"start":{"line":11,"column":0},"end":{"line":11,"column":31}}},"fnMap":{"0":{"name":"findFirst","decl":{"start":{"line":3,"column":15},"end":{"line":3,"column":24}},"loc":{"start":{"line":3,"column":24},"end":{"line":5,"column":1}}}},"branchMap":{},"s":{"0":11,"1":11,"2":11,"3":11},"f":{"0":11},"b":{}}
,"/home/christaine/typescript/projetos/drivent1-ref-initial/src/repositories/hotel-repository/index.ts": {"path":"/home/christaine/typescript/projetos/drivent1-ref-initial/src/repositories/hotel-repository/index.ts","statementMap":{"0":{"start":{"line":1,"column":0},"end":{"line":1,"column":34}},"1":{"start":{"line":4,"column":2},"end":{"line":7,"column":5}},"2":{"start":{"line":11,"column":2},"end":{"line":14,"column":5}},"3":{"start":{"line":18,"column":2},"end":{"line":18,"column":39}},"4":{"start":{"line":22,"column":2},"end":{"line":25,"column":5}},"5":{"start":{"line":28,"column":2},"end":{"line":30,"column":5}},"6":{"start":{"line":33,"column":24},"end":{"line":39,"column":2}},"7":{"start":{"line":40,"column":0},"end":{"line":40,"column":31}}},"fnMap":{"0":{"name":"findEnrollmentAndTicket","decl":{"start":{"line":3,"column":15},"end":{"line":3,"column":38}},"loc":{"start":{"line":3,"column":53},"end":{"line":8,"column":1}}},"1":{"name":"includesHotel","decl":{"start":{"line":10,"column":15},"end":{"line":10,"column":28}},"loc":{"start":{"line":10,"column":49},"end":{"line":15,"column":1}}},"2":{"name":"findHotels","decl":{"start":{"line":17,"column":15},"end":{"line":17,"column":25}},"loc":{"start":{"line":17,"column":25},"end":{"line":19,"column":1}}},"3":{"name":"findHotelById","decl":{"start":{"line":21,"column":15},"end":{"line":21,"column":28}},"loc":{"start":{"line":21,"column":39},"end":{"line":26,"column":1}}},"4":{"name":"findRoomById","decl":{"start":{"line":27,"column":15},"end":{"line":27,"column":27}},"loc":{"start":{"line":27,"column":38},"end":{"line":31,"column":1}}}},"branchMap":{},"s":{"0":11,"1":15,"2":12,"3":1,"4":2,"5":5,"6":11,"7":11},"f":{"0":15,"1":12,"2":1,"3":2,"4":5},"b":{}}
,"/home/christaine/typescript/projetos/drivent1-ref-initial/src/repositories/payment-repository/index.ts": {"path":"/home/christaine/typescript/projetos/drivent1-ref-initial/src/repositories/payment-repository/index.ts","statementMap":{"0":{"start":{"line":2,"column":0},"end":{"line":2,"column":34}},"1":{"start":{"line":5,"column":2},"end":{"line":11,"column":5}},"2":{"start":{"line":15,"column":2},"end":{"line":17,"column":5}},"3":{"start":{"line":21,"column":2},"end":{"line":23,"column":5}},"4":{"start":{"line":27,"column":2},"end":{"line":30,"column":5}},"5":{"start":{"line":33,"column":26},"end":{"line":38,"column":2}},"6":{"start":{"line":39,"column":0},"end":{"line":39,"column":33}}},"fnMap":{"0":{"name":"getTicketById","decl":{"start":{"line":4,"column":15},"end":{"line":4,"column":28}},"loc":{"start":{"line":4,"column":45},"end":{"line":12,"column":1}}},"1":{"name":"getPayment","decl":{"start":{"line":14,"column":15},"end":{"line":14,"column":25}},"loc":{"start":{"line":14,"column":42},"end":{"line":18,"column":1}}},"2":{"name":"payTicket","decl":{"start":{"line":20,"column":15},"end":{"line":20,"column":24}},"loc":{"start":{"line":20,"column":41},"end":{"line":24,"column":1}}},"3":{"name":"setStatusTicket","decl":{"start":{"line":26,"column":15},"end":{"line":26,"column":30}},"loc":{"start":{"line":26,"column":47},"end":{"line":31,"column":1}}}},"branchMap":{},"s":{"0":11,"1":8,"2":1,"3":3,"4":3,"5":11,"6":11},"f":{"0":8,"1":1,"2":3,"3":3},"b":{}}
,"/home/christaine/typescript/projetos/drivent1-ref-initial/src/repositories/session-repository/index.ts": {"path":"/home/christaine/typescript/projetos/drivent1-ref-initial/src/repositories/session-repository/index.ts","statementMap":{"0":{"start":{"line":2,"column":0},"end":{"line":2,"column":34}},"1":{"start":{"line":5,"column":2},"end":{"line":7,"column":5}},"2":{"start":{"line":10,"column":26},"end":{"line":12,"column":2}},"3":{"start":{"line":14,"column":0},"end":{"line":14,"column":33}}},"fnMap":{"0":{"name":"create","decl":{"start":{"line":4,"column":15},"end":{"line":4,"column":21}},"loc":{"start":{"line":4,"column":62},"end":{"line":8,"column":1}}}},"branchMap":{},"s":{"0":11,"1":5,"2":11,"3":11},"f":{"0":5},"b":{}}
,"/home/christaine/typescript/projetos/drivent1-ref-initial/src/repositories/tickets-repository/index.ts": {"path":"/home/christaine/typescript/projetos/drivent1-ref-initial/src/repositories/tickets-repository/index.ts","statementMap":{"0":{"start":{"line":2,"column":0},"end":{"line":2,"column":34}},"1":{"start":{"line":5,"column":2},"end":{"line":5,"column":44}},"2":{"start":{"line":8,"column":2},"end":{"line":11,"column":5}},"3":{"start":{"line":15,"column":2},"end":{"line":24,"column":5}},"4":{"start":{"line":27,"column":26},"end":{"line":31,"column":2}},"5":{"start":{"line":32,"column":0},"end":{"line":32,"column":33}}},"fnMap":{"0":{"name":"getTicketsTypes","decl":{"start":{"line":4,"column":15},"end":{"line":4,"column":30}},"loc":{"start":{"line":4,"column":30},"end":{"line":6,"column":1}}},"1":{"name":"getUserTickets","decl":{"start":{"line":7,"column":15},"end":{"line":7,"column":29}},"loc":{"start":{"line":7,"column":50},"end":{"line":12,"column":1}}},"2":{"name":"createTicket","decl":{"start":{"line":14,"column":15},"end":{"line":14,"column":27}},"loc":{"start":{"line":14,"column":70},"end":{"line":25,"column":1}}}},"branchMap":{},"s":{"0":11,"1":2,"2":2,"3":2,"4":11,"5":11},"f":{"0":2,"1":2,"2":2},"b":{}}
,"/home/christaine/typescript/projetos/drivent1-ref-initial/src/repositories/user-repository/index.ts": {"path":"/home/christaine/typescript/projetos/drivent1-ref-initial/src/repositories/user-repository/index.ts","statementMap":{"0":{"start":{"line":2,"column":0},"end":{"line":2,"column":34}},"1":{"start":{"line":5,"column":44},"end":{"line":9,"column":4}},"2":{"start":{"line":11,"column":2},"end":{"line":13,"column":null}},"3":{"start":{"line":12,"column":4},"end":{"line":12,"column":27}},"4":{"start":{"line":15,"column":2},"end":{"line":15,"column":40}},"5":{"start":{"line":19,"column":2},"end":{"line":21,"column":5}},"6":{"start":{"line":24,"column":23},"end":{"line":27,"column":2}},"7":{"start":{"line":29,"column":0},"end":{"line":29,"column":30}}},"fnMap":{"0":{"name":"findByEmail","decl":{"start":{"line":4,"column":15},"end":{"line":4,"column":26}},"loc":{"start":{"line":4,"column":68},"end":{"line":16,"column":1}}},"1":{"name":"create","decl":{"start":{"line":18,"column":15},"end":{"line":18,"column":21}},"loc":{"start":{"line":18,"column":59},"end":{"line":22,"column":1}}}},"branchMap":{"0":{"loc":{"start":{"line":11,"column":2},"end":{"line":13,"column":null}},"type":"if","locations":[{"start":{"line":11,"column":2},"end":{"line":13,"column":null}}]}},"s":{"0":11,"1":16,"2":16,"3":9,"4":16,"5":5,"6":11,"7":11},"f":{"0":16,"1":5},"b":{"0":[9]}}
,"/home/christaine/typescript/projetos/drivent1-ref-initial/src/routers/authentication-router.ts": {"path":"/home/christaine/typescript/projetos/drivent1-ref-initial/src/routers/authentication-router.ts","statementMap":{"0":{"start":{"line":1,"column":0},"end":{"line":1,"column":33}},"1":{"start":{"line":2,"column":0},"end":{"line":2,"column":43}},"2":{"start":{"line":3,"column":0},"end":{"line":3,"column":45}},"3":{"start":{"line":4,"column":0},"end":{"line":4,"column":41}},"4":{"start":{"line":6,"column":29},"end":{"line":6,"column":37}},"5":{"start":{"line":10,"column":9},"end":{"line":10,"column":29}},"6":{"start":{"line":8,"column":0},"end":{"line":8,"column":78}}},"fnMap":{},"branchMap":{},"s":{"0":11,"1":11,"2":11,"3":11,"4":11,"5":11,"6":11},"f":{},"b":{}}
,"/home/christaine/typescript/projetos/drivent1-ref-initial/src/routers/booking-router.ts": {"path":"/home/christaine/typescript/projetos/drivent1-ref-initial/src/routers/booking-router.ts","statementMap":{"0":{"start":{"line":1,"column":0},"end":{"line":1,"column":33}},"1":{"start":{"line":2,"column":0},"end":{"line":2,"column":64}},"2":{"start":{"line":3,"column":0},"end":{"line":3,"column":58}},"3":{"start":{"line":4,"column":0},"end":{"line":4,"column":93}},"4":{"start":{"line":6,"column":22},"end":{"line":6,"column":30}},"5":{"start":{"line":13,"column":9},"end":{"line":13,"column":22}},"6":{"start":{"line":7,"column":0},"end":{"line":11,"column":66}}},"fnMap":{},"branchMap":{},"s":{"0":11,"1":11,"2":11,"3":11,"4":11,"5":11,"6":11},"f":{},"b":{}}
,"/home/christaine/typescript/projetos/drivent1-ref-initial/src/routers/enrollments-router.ts": {"path":"/home/christaine/typescript/projetos/drivent1-ref-initial/src/routers/enrollments-router.ts","statementMap":{"0":{"start":{"line":1,"column":0},"end":{"line":1,"column":33}},"1":{"start":{"line":2,"column":0},"end":{"line":2,"column":64}},"2":{"start":{"line":3,"column":0},"end":{"line":3,"column":101}},"3":{"start":{"line":4,"column":0},"end":{"line":4,"column":51}},"4":{"start":{"line":6,"column":26},"end":{"line":6,"column":34}},"5":{"start":{"line":14,"column":9},"end":{"line":14,"column":26}},"6":{"start":{"line":8,"column":0},"end":{"line":12,"column":81}}},"fnMap":{},"branchMap":{},"s":{"0":11,"1":11,"2":11,"3":11,"4":11,"5":11,"6":11},"f":{},"b":{}}
,"/home/christaine/typescript/projetos/drivent1-ref-initial/src/routers/events-router.ts": {"path":"/home/christaine/typescript/projetos/drivent1-ref-initial/src/routers/events-router.ts","statementMap":{"0":{"start":{"line":1,"column":0},"end":{"line":1,"column":33}},"1":{"start":{"line":2,"column":0},"end":{"line":2,"column":48}},"2":{"start":{"line":4,"column":21},"end":{"line":4,"column":29}},"3":{"start":{"line":8,"column":9},"end":{"line":8,"column":21}},"4":{"start":{"line":6,"column":0},"end":{"line":6,"column":39}}},"fnMap":{},"branchMap":{},"s":{"0":11,"1":11,"2":11,"3":11,"4":11},"f":{},"b":{}}
,"/home/christaine/typescript/projetos/drivent1-ref-initial/src/routers/hotel-router.ts": {"path":"/home/christaine/typescript/projetos/drivent1-ref-initial/src/routers/hotel-router.ts","statementMap":{"0":{"start":{"line":1,"column":0},"end":{"line":1,"column":33}},"1":{"start":{"line":2,"column":0},"end":{"line":2,"column":66}},"2":{"start":{"line":3,"column":0},"end":{"line":3,"column":75}},"3":{"start":{"line":4,"column":0},"end":{"line":4,"column":36}},"4":{"start":{"line":6,"column":20},"end":{"line":6,"column":28}},"5":{"start":{"line":9,"column":9},"end":{"line":9,"column":20}},"6":{"start":{"line":7,"column":0},"end":{"line":7,"column":117}}},"fnMap":{},"branchMap":{},"s":{"0":11,"1":11,"2":11,"3":11,"4":11,"5":11,"6":11},"f":{},"b":{}}
,"/home/christaine/typescript/projetos/drivent1-ref-initial/src/routers/index.ts": {"path":"/home/christaine/typescript/projetos/drivent1-ref-initial/src/routers/index.ts","statementMap":{"0":{"start":{"line":1,"column":0},"end":{"line":1,"column":31}},"1":{"start":{"line":2,"column":0},"end":{"line":2,"column":40}},"2":{"start":{"line":3,"column":0},"end":{"line":3,"column":32}},"3":{"start":{"line":4,"column":0},"end":{"line":4,"column":37}},"4":{"start":{"line":5,"column":0},"end":{"line":5,"column":33}},"5":{"start":{"line":6,"column":0},"end":{"line":6,"column":34}},"6":{"start":{"line":7,"column":0},"end":{"line":7,"column":31}},"7":{"start":{"line":8,"column":0},"end":{"line":8,"column":33}}},"fnMap":{},"branchMap":{},"s":{"0":11,"1":11,"2":11,"3":11,"4":11,"5":11,"6":11,"7":11},"f":{},"b":{}}
,"/home/christaine/typescript/projetos/drivent1-ref-initial/src/routers/payments-router.ts": {"path":"/home/christaine/typescript/projetos/drivent1-ref-initial/src/routers/payments-router.ts","statementMap":{"0":{"start":{"line":1,"column":0},"end":{"line":1,"column":33}},"1":{"start":{"line":2,"column":0},"end":{"line":2,"column":50}},"2":{"start":{"line":3,"column":0},"end":{"line":3,"column":80}},"3":{"start":{"line":5,"column":23},"end":{"line":5,"column":31}},"4":{"start":{"line":9,"column":9},"end":{"line":9,"column":23}},"5":{"start":{"line":7,"column":0},"end":{"line":7,"column":99}}},"fnMap":{},"branchMap":{},"s":{"0":11,"1":11,"2":11,"3":11,"4":11,"5":11},"f":{},"b":{}}
,"/home/christaine/typescript/projetos/drivent1-ref-initial/src/routers/tickets-router.ts": {"path":"/home/christaine/typescript/projetos/drivent1-ref-initial/src/routers/tickets-router.ts","statementMap":{"0":{"start":{"line":1,"column":0},"end":{"line":1,"column":33}},"1":{"start":{"line":2,"column":0},"end":{"line":2,"column":64}},"2":{"start":{"line":3,"column":0},"end":{"line":3,"column":78}},"3":{"start":{"line":4,"column":0},"end":{"line":4,"column":57}},"4":{"start":{"line":6,"column":22},"end":{"line":6,"column":30}},"5":{"start":{"line":14,"column":9},"end":{"line":14,"column":22}},"6":{"start":{"line":8,"column":0},"end":{"line":12,"column":28}}},"fnMap":{},"branchMap":{},"s":{"0":11,"1":11,"2":11,"3":11,"4":11,"5":11,"6":11},"f":{},"b":{}}
,"/home/christaine/typescript/projetos/drivent1-ref-initial/src/routers/users-router.ts": {"path":"/home/christaine/typescript/projetos/drivent1-ref-initial/src/routers/users-router.ts","statementMap":{"0":{"start":{"line":1,"column":0},"end":{"line":1,"column":33}},"1":{"start":{"line":3,"column":0},"end":{"line":3,"column":45}},"2":{"start":{"line":4,"column":0},"end":{"line":4,"column":45}},"3":{"start":{"line":5,"column":0},"end":{"line":5,"column":42}},"4":{"start":{"line":7,"column":20},"end":{"line":7,"column":28}},"5":{"start":{"line":11,"column":9},"end":{"line":11,"column":20}},"6":{"start":{"line":9,"column":0},"end":{"line":9,"column":65}}},"fnMap":{},"branchMap":{},"s":{"0":11,"1":11,"2":11,"3":11,"4":11,"5":11,"6":11},"f":{},"b":{}}
,"/home/christaine/typescript/projetos/drivent1-ref-initial/src/schemas/authentication-schemas.ts": {"path":"/home/christaine/typescript/projetos/drivent1-ref-initial/src/schemas/authentication-schemas.ts","statementMap":{"0":{"start":{"line":1,"column":0},"end":{"line":1,"column":22}},"1":{"start":{"line":4,"column":13},"end":{"line":7,"column":3}}},"fnMap":{},"branchMap":{},"s":{"0":14,"1":14},"f":{},"b":{}}
,"/home/christaine/typescript/projetos/drivent1-ref-initial/src/schemas/booking-schemas.ts": {"path":"/home/christaine/typescript/projetos/drivent1-ref-initial/src/schemas/booking-schemas.ts","statementMap":{"0":{"start":{"line":1,"column":0},"end":{"line":1,"column":22}},"1":{"start":{"line":4,"column":13},"end":{"line":6,"column":3}}},"fnMap":{},"branchMap":{},"s":{"0":11,"1":11},"f":{},"b":{}}
,"/home/christaine/typescript/projetos/drivent1-ref-initial/src/schemas/enrollments-schemas.ts": {"path":"/home/christaine/typescript/projetos/drivent1-ref-initial/src/schemas/enrollments-schemas.ts","statementMap":{"0":{"start":{"line":1,"column":0},"end":{"line":1,"column":105}},"1":{"start":{"line":2,"column":0},"end":{"line":2,"column":22}},"2":{"start":{"line":5,"column":28},"end":{"line":5,"column":87}},"3":{"start":{"line":7,"column":28},"end":{"line":7,"column":86}},"4":{"start":{"line":9,"column":36},"end":{"line":9,"column":108}},"5":{"start":{"line":11,"column":13},"end":{"line":28,"column":3}},"6":{"start":{"line":23,"column":39},"end":{"line":23,"column":45}},"7":{"start":{"line":31,"column":2},"end":{"line":31,"column":27}},"8":{"start":{"line":31,"column":14},"end":{"line":31,"column":27}},"9":{"start":{"line":33,"column":2},"end":{"line":35,"column":null}},"10":{"start":{"line":34,"column":4},"end":{"line":34,"column":40}},"11":{"start":{"line":37,"column":2},"end":{"line":37,"column":15}},"12":{"start":{"line":41,"column":2},"end":{"line":41,"column":27}},"13":{"start":{"line":41,"column":14},"end":{"line":41,"column":27}},"14":{"start":{"line":43,"column":2},"end":{"line":45,"column":null}},"15":{"start":{"line":44,"column":4},"end":{"line":44,"column":40}},"16":{"start":{"line":47,"column":2},"end":{"line":47,"column":15}},"17":{"start":{"line":51,"column":2},"end":{"line":51,"column":27}},"18":{"start":{"line":51,"column":14},"end":{"line":51,"column":27}},"19":{"start":{"line":53,"column":2},"end":{"line":55,"column":null}},"20":{"start":{"line":54,"column":4},"end":{"line":54,"column":40}},"21":{"start":{"line":57,"column":2},"end":{"line":57,"column":15}}},"fnMap":{"0":{"name":"(anonymous_1)","decl":{"start":{"line":23,"column":32},"end":{"line":23,"column":33}},"loc":{"start":{"line":23,"column":39},"end":{"line":23,"column":45}}},"1":{"name":"joiCpfValidation","decl":{"start":{"line":30,"column":9},"end":{"line":30,"column":25}},"loc":{"start":{"line":30,"column":75},"end":{"line":38,"column":1}}},"2":{"name":"JoiCepValidation","decl":{"start":{"line":40,"column":9},"end":{"line":40,"column":25}},"loc":{"start":{"line":40,"column":75},"end":{"line":48,"column":1}}},"3":{"name":"joiMobilePhoneValidation","decl":{"start":{"line":50,"column":9},"end":{"line":50,"column":33}},"loc":{"start":{"line":50,"column":83},"end":{"line":58,"column":1}}}},"branchMap":{"0":{"loc":{"start":{"line":31,"column":2},"end":{"line":31,"column":27}},"type":"if","locations":[{"start":{"line":31,"column":2},"end":{"line":31,"column":27}}]},"1":{"loc":{"start":{"line":33,"column":2},"end":{"line":35,"column":null}},"type":"if","locations":[{"start":{"line":33,"column":2},"end":{"line":35,"column":null}}]},"2":{"loc":{"start":{"line":41,"column":2},"end":{"line":41,"column":27}},"type":"if","locations":[{"start":{"line":41,"column":2},"end":{"line":41,"column":27}}]},"3":{"loc":{"start":{"line":43,"column":2},"end":{"line":45,"column":null}},"type":"if","locations":[{"start":{"line":43,"column":2},"end":{"line":45,"column":null}}]},"4":{"loc":{"start":{"line":51,"column":2},"end":{"line":51,"column":27}},"type":"if","locations":[{"start":{"line":51,"column":2},"end":{"line":51,"column":27}}]},"5":{"loc":{"start":{"line":53,"column":2},"end":{"line":55,"column":null}},"type":"if","locations":[{"start":{"line":53,"column":2},"end":{"line":55,"column":null}}]}},"s":{"0":14,"1":14,"2":14,"3":14,"4":14,"5":14,"6":378,"7":29,"8":0,"9":29,"10":1,"11":28,"12":19,"13":0,"14":19,"15":1,"16":18,"17":23,"18":0,"19":23,"20":0,"21":23},"f":{"0":378,"1":29,"2":19,"3":23},"b":{"0":[0],"1":[1],"2":[0],"3":[1],"4":[0],"5":[0]}}
,"/home/christaine/typescript/projetos/drivent1-ref-initial/src/schemas/hotel-schema.ts": {"path":"/home/christaine/typescript/projetos/drivent1-ref-initial/src/schemas/hotel-schema.ts","statementMap":{"0":{"start":{"line":1,"column":0},"end":{"line":1,"column":22}},"1":{"start":{"line":4,"column":13},"end":{"line":6,"column":3}}},"fnMap":{},"branchMap":{},"s":{"0":14,"1":14},"f":{},"b":{}}
,"/home/christaine/typescript/projetos/drivent1-ref-initial/src/schemas/index.ts": {"path":"/home/christaine/typescript/projetos/drivent1-ref-initial/src/schemas/index.ts","statementMap":{"0":{"start":{"line":1,"column":0},"end":{"line":1,"column":32}},"1":{"start":{"line":2,"column":0},"end":{"line":2,"column":41}},"2":{"start":{"line":3,"column":0},"end":{"line":3,"column":38}},"3":{"start":{"line":4,"column":0},"end":{"line":4,"column":33}},"4":{"start":{"line":5,"column":0},"end":{"line":5,"column":31}}},"fnMap":{},"branchMap":{},"s":{"0":14,"1":14,"2":14,"3":14,"4":14},"f":{},"b":{}}
,"/home/christaine/typescript/projetos/drivent1-ref-initial/src/schemas/ticket-schemas.ts": {"path":"/home/christaine/typescript/projetos/drivent1-ref-initial/src/schemas/ticket-schemas.ts","statementMap":{"0":{"start":{"line":1,"column":0},"end":{"line":1,"column":22}},"1":{"start":{"line":4,"column":13},"end":{"line":6,"column":3}}},"fnMap":{},"branchMap":{},"s":{"0":14,"1":14},"f":{},"b":{}}
,"/home/christaine/typescript/projetos/drivent1-ref-initial/src/schemas/users-schemas.ts": {"path":"/home/christaine/typescript/projetos/drivent1-ref-initial/src/schemas/users-schemas.ts","statementMap":{"0":{"start":{"line":1,"column":0},"end":{"line":1,"column":22}},"1":{"start":{"line":4,"column":13},"end":{"line":7,"column":3}}},"fnMap":{},"branchMap":{},"s":{"0":14,"1":14},"f":{},"b":{}}
,"/home/christaine/typescript/projetos/drivent1-ref-initial/src/services/index.ts": {"path":"/home/christaine/typescript/projetos/drivent1-ref-initial/src/services/index.ts","statementMap":{"0":{"start":{"line":1,"column":0},"end":{"line":1,"column":32}},"1":{"start":{"line":2,"column":0},"end":{"line":2,"column":41}},"2":{"start":{"line":3,"column":0},"end":{"line":3,"column":33}},"3":{"start":{"line":4,"column":0},"end":{"line":4,"column":38}}},"fnMap":{},"branchMap":{},"s":{"0":0,"1":0,"2":0,"3":0},"f":{},"b":{}}
,"/home/christaine/typescript/projetos/drivent1-ref-initial/src/services/authentication-service/errors.ts": {"path":"/home/christaine/typescript/projetos/drivent1-ref-initial/src/services/authentication-service/errors.ts","statementMap":{"0":{"start":{"line":4,"column":2},"end":{"line":7,"column":4}},"1":{"start":{"line":3,"column":0},"end":{"line":3,"column":16}}},"fnMap":{"0":{"name":"invalidCredentialsError","decl":{"start":{"line":3,"column":16},"end":{"line":3,"column":39}},"loc":{"start":{"line":3,"column":39},"end":{"line":8,"column":1}}}},"branchMap":{},"s":{"0":6,"1":11},"f":{"0":6},"b":{}}
,"/home/christaine/typescript/projetos/drivent1-ref-initial/src/services/authentication-service/index.ts": {"path":"/home/christaine/typescript/projetos/drivent1-ref-initial/src/services/authentication-service/index.ts","statementMap":{"0":{"start":{"line":2,"column":0},"end":{"line":2,"column":28}},"1":{"start":{"line":3,"column":0},"end":{"line":3,"column":31}},"2":{"start":{"line":4,"column":0},"end":{"line":4,"column":51}},"3":{"start":{"line":5,"column":0},"end":{"line":5,"column":47}},"4":{"start":{"line":6,"column":0},"end":{"line":6,"column":60}},"5":{"start":{"line":7,"column":0},"end":{"line":7,"column":66}},"6":{"start":{"line":10,"column":30},"end":{"line":10,"column":36}},"7":{"start":{"line":12,"column":15},"end":{"line":12,"column":41}},"8":{"start":{"line":14,"column":2},"end":{"line":14,"column":56}},"9":{"start":{"line":16,"column":16},"end":{"line":16,"column":44}},"10":{"start":{"line":18,"column":2},"end":{"line":21,"column":4}},"11":{"start":{"line":25,"column":15},"end":{"line":25,"column":97}},"12":{"start":{"line":26,"column":2},"end":{"line":26,"column":45}},"13":{"start":{"line":26,"column":13},"end":{"line":26,"column":45}},"14":{"start":{"line":28,"column":2},"end":{"line":28,"column":14}},"15":{"start":{"line":32,"column":16},"end":{"line":32,"column":60}},"16":{"start":{"line":33,"column":2},"end":{"line":36,"column":5}},"17":{"start":{"line":38,"column":2},"end":{"line":38,"column":15}},"18":{"start":{"line":42,"column":26},"end":{"line":42,"column":70}},"19":{"start":{"line":43,"column":2},"end":{"line":43,"column":56}},"20":{"start":{"line":43,"column":24},"end":{"line":43,"column":56}},"21":{"start":{"line":55,"column":30},"end":{"line":57,"column":2}},"22":{"start":{"line":59,"column":0},"end":{"line":59,"column":37}},"23":{"start":{"line":60,"column":0},"end":{"line":60,"column":25}}},"fnMap":{"0":{"name":"signIn","decl":{"start":{"line":9,"column":15},"end":{"line":9,"column":21}},"loc":{"start":{"line":9,"column":42},"end":{"line":22,"column":1}}},"1":{"name":"getUserOrFail","decl":{"start":{"line":24,"column":15},"end":{"line":24,"column":28}},"loc":{"start":{"line":24,"column":42},"end":{"line":29,"column":1}}},"2":{"name":"createSession","decl":{"start":{"line":31,"column":15},"end":{"line":31,"column":28}},"loc":{"start":{"line":31,"column":43},"end":{"line":39,"column":1}}},"3":{"name":"validatePasswordOrFail","decl":{"start":{"line":41,"column":15},"end":{"line":41,"column":37}},"loc":{"start":{"line":41,"column":76},"end":{"line":44,"column":1}}}},"branchMap":{"0":{"loc":{"start":{"line":26,"column":2},"end":{"line":26,"column":45}},"type":"if","locations":[{"start":{"line":26,"column":2},"end":{"line":26,"column":45}}]},"1":{"loc":{"start":{"line":43,"column":2},"end":{"line":43,"column":56}},"type":"if","locations":[{"start":{"line":43,"column":2},"end":{"line":43,"column":56}}]}},"s":{"0":11,"1":11,"2":11,"3":11,"4":11,"5":11,"6":9,"7":9,"8":7,"9":5,"10":5,"11":9,"12":9,"13":2,"14":7,"15":5,"16":5,"17":5,"18":7,"19":7,"20":2,"21":11,"22":11,"23":11},"f":{"0":9,"1":9,"2":5,"3":7},"b":{"0":[2],"1":[2]}}
,"/home/christaine/typescript/projetos/drivent1-ref-initial/src/services/bookings-service/index.ts": {"path":"/home/christaine/typescript/projetos/drivent1-ref-initial/src/services/bookings-service/index.ts","statementMap":{"0":{"start":{"line":1,"column":0},"end":{"line":1,"column":62}},"1":{"start":{"line":2,"column":0},"end":{"line":2,"column":52}},"2":{"start":{"line":3,"column":0},"end":{"line":3,"column":66}},"3":{"start":{"line":7,"column":29},"end":{"line":7,"column":82}},"4":{"start":{"line":9,"column":4},"end":{"line":9,"column":81}},"5":{"start":{"line":9,"column":58},"end":{"line":9,"column":81}},"6":{"start":{"line":11,"column":26},"end":{"line":11,"column":82}},"7":{"start":{"line":13,"column":4},"end":{"line":18,"column":24}},"8":{"start":{"line":18,"column":5},"end":{"line":18,"column":24}},"9":{"start":{"line":22,"column":18},"end":{"line":22,"column":48}},"10":{"start":{"line":23,"column":4},"end":{"line":23,"column":49}},"11":{"start":{"line":23,"column":31},"end":{"line":23,"column":49}},"12":{"start":{"line":24,"column":4},"end":{"line":24,"column":57}},"13":{"start":{"line":24,"column":35},"end":{"line":24,"column":57}},"14":{"start":{"line":26,"column":23},"end":{"line":26,"column":65}},"15":{"start":{"line":27,"column":4},"end":{"line":27,"column":42}},"16":{"start":{"line":27,"column":20},"end":{"line":27,"column":42}},"17":{"start":{"line":29,"column":32},"end":{"line":29,"column":85}},"18":{"start":{"line":31,"column":4},"end":{"line":31,"column":76}},"19":{"start":{"line":31,"column":58},"end":{"line":31,"column":76}},"20":{"start":{"line":33,"column":20},"end":{"line":33,"column":73}},"21":{"start":{"line":34,"column":4},"end":{"line":34,"column":19}},"22":{"start":{"line":38,"column":20},"end":{"line":38,"column":72}},"23":{"start":{"line":39,"column":4},"end":{"line":39,"column":39}},"24":{"start":{"line":39,"column":17},"end":{"line":39,"column":39}},"25":{"start":{"line":40,"column":4},"end":{"line":40,"column":19}},"26":{"start":{"line":44,"column":4},"end":{"line":44,"column":41}},"27":{"start":{"line":44,"column":19},"end":{"line":44,"column":41}},"28":{"start":{"line":45,"column":26},"end":{"line":45,"column":77}},"29":{"start":{"line":46,"column":4},"end":{"line":46,"column":41}},"30":{"start":{"line":46,"column":23},"end":{"line":46,"column":41}},"31":{"start":{"line":48,"column":23},"end":{"line":48,"column":65}},"32":{"start":{"line":49,"column":4},"end":{"line":49,"column":42}},"33":{"start":{"line":49,"column":20},"end":{"line":49,"column":42}},"34":{"start":{"line":51,"column":34},"end":{"line":51,"column":87}},"35":{"start":{"line":53,"column":4},"end":{"line":53,"column":78}},"36":{"start":{"line":53,"column":60},"end":{"line":53,"column":78}},"37":{"start":{"line":55,"column":4},"end":{"line":55,"column":61}},"38":{"start":{"line":56,"column":4},"end":{"line":56,"column":28}},"39":{"start":{"line":59,"column":0},"end":{"line":63,"column":null}}},"fnMap":{"0":{"name":"checkDataForUser","decl":{"start":{"line":6,"column":15},"end":{"line":6,"column":31}},"loc":{"start":{"line":6,"column":46},"end":{"line":19,"column":1}}},"1":{"name":"createBooking","decl":{"start":{"line":21,"column":15},"end":{"line":21,"column":28}},"loc":{"start":{"line":21,"column":59},"end":{"line":35,"column":1}}},"2":{"name":"getBooking","decl":{"start":{"line":37,"column":15},"end":{"line":37,"column":25}},"loc":{"start":{"line":37,"column":40},"end":{"line":41,"column":1}}},"3":{"name":"updateBooking","decl":{"start":{"line":43,"column":15},"end":{"line":43,"column":28}},"loc":{"start":{"line":43,"column":60},"end":{"line":57,"column":1}}}},"branchMap":{"0":{"loc":{"start":{"line":9,"column":4},"end":{"line":9,"column":81}},"type":"if","locations":[{"start":{"line":9,"column":4},"end":{"line":9,"column":81}}]},"1":{"loc":{"start":{"line":9,"column":8},"end":{"line":9,"column":56}},"type":"binary-expr","locations":[{"start":{"line":9,"column":8},"end":{"line":9,"column":25}},{"start":{"line":9,"column":29},"end":{"line":9,"column":56}}]},"2":{"loc":{"start":{"line":13,"column":4},"end":{"line":18,"column":24}},"type":"if","locations":[{"start":{"line":13,"column":4},"end":{"line":18,"column":24}}]},"3":{"loc":{"start":{"line":14,"column":8},"end":{"line":16,"column":52}},"type":"binary-expr","locations":[{"start":{"line":14,"column":8},"end":{"line":14,"column":47}},{"start":{"line":15,"column":8},"end":{"line":15,"column":41}},{"start":{"line":16,"column":8},"end":{"line":16,"column":52}}]},"4":{"loc":{"start":{"line":23,"column":4},"end":{"line":23,"column":49}},"type":"if","locations":[{"start":{"line":23,"column":4},"end":{"line":23,"column":49}}]},"5":{"loc":{"start":{"line":24,"column":4},"end":{"line":24,"column":57}},"type":"if","locations":[{"start":{"line":24,"column":4},"end":{"line":24,"column":57}}]},"6":{"loc":{"start":{"line":27,"column":4},"end":{"line":27,"column":42}},"type":"if","locations":[{"start":{"line":27,"column":4},"end":{"line":27,"column":42}}]},"7":{"loc":{"start":{"line":31,"column":4},"end":{"line":31,"column":76}},"type":"if","locations":[{"start":{"line":31,"column":4},"end":{"line":31,"column":76}}]},"8":{"loc":{"start":{"line":39,"column":4},"end":{"line":39,"column":39}},"type":"if","locations":[{"start":{"line":39,"column":4},"end":{"line":39,"column":39}}]},"9":{"loc":{"start":{"line":44,"column":4},"end":{"line":44,"column":41}},"type":"if","locations":[{"start":{"line":44,"column":4},"end":{"line":44,"column":41}}]},"10":{"loc":{"start":{"line":46,"column":4},"end":{"line":46,"column":41}},"type":"if","locations":[{"start":{"line":46,"column":4},"end":{"line":46,"column":41}}]},"11":{"loc":{"start":{"line":49,"column":4},"end":{"line":49,"column":42}},"type":"if","locations":[{"start":{"line":49,"column":4},"end":{"line":49,"column":42}}]},"12":{"loc":{"start":{"line":53,"column":4},"end":{"line":53,"column":78}},"type":"if","locations":[{"start":{"line":53,"column":4},"end":{"line":53,"column":78}}]}},"s":{"0":11,"1":11,"2":11,"3":6,"4":6,"5":1,"6":5,"7":5,"8":2,"9":6,"10":6,"11":2,"12":4,"13":1,"14":3,"15":3,"16":1,"17":2,"18":2,"19":1,"20":1,"21":1,"22":2,"23":2,"24":1,"25":1,"26":3,"27":1,"28":2,"29":2,"30":0,"31":2,"32":2,"33":0,"34":2,"35":2,"36":1,"37":1,"38":1,"39":11},"f":{"0":6,"1":6,"2":2,"3":3},"b":{"0":[1],"1":[6,5],"2":[2],"3":[5,4,4],"4":[2],"5":[1],"6":[1],"7":[1],"8":[1],"9":[1],"10":[0],"11":[0],"12":[1]}}
,"/home/christaine/typescript/projetos/drivent1-ref-initial/src/services/enrollments-service/index.ts": {"path":"/home/christaine/typescript/projetos/drivent1-ref-initial/src/services/enrollments-service/index.ts","statementMap":{"0":{"start":{"line":2,"column":0},"end":{"line":2,"column":42}},"1":{"start":{"line":3,"column":0},"end":{"line":3,"column":77}},"2":{"start":{"line":4,"column":0},"end":{"line":4,"column":91}},"3":{"start":{"line":5,"column":0},"end":{"line":5,"column":100}},"4":{"start":{"line":6,"column":0},"end":{"line":6,"column":47}},"5":{"start":{"line":10,"column":17},"end":{"line":10,"column":77}},"6":{"start":{"line":12,"column":2},"end":{"line":14,"column":null}},"7":{"start":{"line":13,"column":4},"end":{"line":13,"column":29}},"8":{"start":{"line":15,"column":2},"end":{"line":17,"column":null}},"9":{"start":{"line":16,"column":4},"end":{"line":16,"column":26}},"10":{"start":{"line":19,"column":62},"end":{"line":19,"column":73}},"11":{"start":{"line":21,"column":37},"end":{"line":27,"column":4}},"12":{"start":{"line":29,"column":2},"end":{"line":29,"column":17}},"13":{"start":{"line":33,"column":32},"end":{"line":33,"column":90}},"14":{"start":{"line":35,"column":2},"end":{"line":35,"column":52}},"15":{"start":{"line":35,"column":30},"end":{"line":35,"column":52}},"16":{"start":{"line":37,"column":25},"end":{"line":37,"column":54}},"17":{"start":{"line":38,"column":18},"end":{"line":38,"column":47}},"18":{"start":{"line":40,"column":2},"end":{"line":43,"column":4}},"19":{"start":{"line":49,"column":2},"end":{"line":49,"column":33}},"20":{"start":{"line":49,"column":21},"end":{"line":49,"column":33}},"21":{"start":{"line":51,"column":2},"end":{"line":51,"column":73}},"22":{"start":{"line":57,"column":21},"end":{"line":57,"column":47}},"23":{"start":{"line":58,"column":18},"end":{"line":58,"column":53}},"24":{"start":{"line":59,"column":2},"end":{"line":63,"column":null}},"25":{"start":{"line":60,"column":4},"end":{"line":60,"column":41}},"26":{"start":{"line":62,"column":4},"end":{"line":62,"column":44}},"27":{"start":{"line":65,"column":24},"end":{"line":65,"column":115}},"28":{"start":{"line":66,"column":2},"end":{"line":66,"column":69}},"29":{"start":{"line":70,"column":2},"end":{"line":73,"column":4}},"30":{"start":{"line":80,"column":27},"end":{"line":84,"column":2}},"31":{"start":{"line":86,"column":0},"end":{"line":86,"column":34}}},"fnMap":{"0":{"name":"getAddressFromCEP","decl":{"start":{"line":9,"column":15},"end":{"line":9,"column":32}},"loc":{"start":{"line":9,"column":44},"end":{"line":30,"column":1}}},"1":{"name":"getOneWithAddressByUserId","decl":{"start":{"line":32,"column":15},"end":{"line":32,"column":40}},"loc":{"start":{"line":32,"column":55},"end":{"line":44,"column":1}}},"2":{"name":"getFirstAddress","decl":{"start":{"line":48,"column":9},"end":{"line":48,"column":24}},"loc":{"start":{"line":48,"column":46},"end":{"line":52,"column":1}}},"3":{"name":"createOrUpdateEnrollmentWithAddress","decl":{"start":{"line":56,"column":15},"end":{"line":56,"column":50}},"loc":{"start":{"line":56,"column":94},"end":{"line":67,"column":1}}},"4":{"name":"getAddressForUpsert","decl":{"start":{"line":69,"column":9},"end":{"line":69,"column":28}},"loc":{"start":{"line":69,"column":57},"end":{"line":74,"column":1}}}},"branchMap":{"0":{"loc":{"start":{"line":12,"column":2},"end":{"line":14,"column":null}},"type":"if","locations":[{"start":{"line":12,"column":2},"end":{"line":14,"column":null}}]},"1":{"loc":{"start":{"line":15,"column":2},"end":{"line":17,"column":null}},"type":"if","locations":[{"start":{"line":15,"column":2},"end":{"line":17,"column":null}}]},"2":{"loc":{"start":{"line":35,"column":2},"end":{"line":35,"column":52}},"type":"if","locations":[{"start":{"line":35,"column":2},"end":{"line":35,"column":52}}]},"3":{"loc":{"start":{"line":42,"column":8},"end":{"line":42,"column":32}},"type":"binary-expr","locations":[{"start":{"line":42,"column":8},"end":{"line":42,"column":17}},{"start":{"line":42,"column":21},"end":{"line":42,"column":32}}]},"4":{"loc":{"start":{"line":49,"column":2},"end":{"line":49,"column":33}},"type":"if","locations":[{"start":{"line":49,"column":2},"end":{"line":49,"column":33}}]},"5":{"loc":{"start":{"line":72,"column":8},"end":{"line":72,"column":74}},"type":"binary-expr","locations":[{"start":{"line":72,"column":8},"end":{"line":72,"column":30}},{"start":{"line":72,"column":34},"end":{"line":72,"column":74}}]}},"s":{"0":11,"1":11,"2":11,"3":11,"4":11,"5":4,"6":4,"7":1,"8":3,"9":0,"10":3,"11":3,"12":3,"13":2,"14":2,"15":1,"16":1,"17":1,"18":1,"19":1,"20":0,"21":1,"22":2,"23":2,"24":2,"25":2,"26":0,"27":2,"28":2,"29":2,"30":11,"31":11},"f":{"0":4,"1":2,"2":1,"3":2,"4":2},"b":{"0":[1],"1":[0],"2":[1],"3":[1,1],"4":[0],"5":[2,2]}}
,"/home/christaine/typescript/projetos/drivent1-ref-initial/src/services/events-service/index.ts": {"path":"/home/christaine/typescript/projetos/drivent1-ref-initial/src/services/events-service/index.ts","statementMap":{"0":{"start":{"line":2,"column":0},"end":{"line":2,"column":26}},"1":{"start":{"line":3,"column":0},"end":{"line":3,"column":41}},"2":{"start":{"line":4,"column":0},"end":{"line":4,"column":62}},"3":{"start":{"line":5,"column":0},"end":{"line":5,"column":47}},"4":{"start":{"line":8,"column":16},"end":{"line":8,"column":49}},"5":{"start":{"line":9,"column":2},"end":{"line":9,"column":36}},"6":{"start":{"line":9,"column":14},"end":{"line":9,"column":36}},"7":{"start":{"line":11,"column":2},"end":{"line":11,"column":50}},"8":{"start":{"line":17,"column":16},"end":{"line":17,"column":49}},"9":{"start":{"line":18,"column":2},"end":{"line":18,"column":27}},"10":{"start":{"line":18,"column":14},"end":{"line":18,"column":27}},"11":{"start":{"line":20,"column":14},"end":{"line":20,"column":21}},"12":{"start":{"line":21,"column":24},"end":{"line":21,"column":45}},"13":{"start":{"line":22,"column":22},"end":{"line":22,"column":41}},"14":{"start":{"line":24,"column":2},"end":{"line":24,"column":65}},"15":{"start":{"line":27,"column":22},"end":{"line":30,"column":2}},"16":{"start":{"line":32,"column":0},"end":{"line":32,"column":29}}},"fnMap":{"0":{"name":"getFirstEvent","decl":{"start":{"line":7,"column":15},"end":{"line":7,"column":28}},"loc":{"start":{"line":7,"column":28},"end":{"line":12,"column":1}}},"1":{"name":"isCurrentEventActive","decl":{"start":{"line":16,"column":15},"end":{"line":16,"column":35}},"loc":{"start":{"line":16,"column":35},"end":{"line":25,"column":1}}}},"branchMap":{"0":{"loc":{"start":{"line":9,"column":2},"end":{"line":9,"column":36}},"type":"if","locations":[{"start":{"line":9,"column":2},"end":{"line":9,"column":36}}]},"1":{"loc":{"start":{"line":18,"column":2},"end":{"line":18,"column":27}},"type":"if","locations":[{"start":{"line":18,"column":2},"end":{"line":18,"column":27}}]},"2":{"loc":{"start":{"line":24,"column":9},"end":{"line":24,"column":64}},"type":"binary-expr","locations":[{"start":{"line":24,"column":9},"end":{"line":24,"column":35}},{"start":{"line":24,"column":39},"end":{"line":24,"column":64}}]}},"s":{"0":11,"1":11,"2":11,"3":11,"4":2,"5":2,"6":1,"7":1,"8":9,"9":9,"10":1,"11":8,"12":8,"13":8,"14":8,"15":11,"16":11},"f":{"0":2,"1":9},"b":{"0":[1],"1":[1],"2":[8,7]}}
,"/home/christaine/typescript/projetos/drivent1-ref-initial/src/services/hotel-service/index.ts": {"path":"/home/christaine/typescript/projetos/drivent1-ref-initial/src/services/hotel-service/index.ts","statementMap":{"0":{"start":{"line":1,"column":0},"end":{"line":1,"column":58}},"1":{"start":{"line":2,"column":0},"end":{"line":2,"column":62}},"2":{"start":{"line":5,"column":27},"end":{"line":5,"column":80}},"3":{"start":{"line":7,"column":2},"end":{"line":7,"column":79}},"4":{"start":{"line":7,"column":56},"end":{"line":7,"column":79}},"5":{"start":{"line":9,"column":24},"end":{"line":9,"column":80}},"6":{"start":{"line":11,"column":2},"end":{"line":16,"column":29}},"7":{"start":{"line":16,"column":4},"end":{"line":16,"column":29}},"8":{"start":{"line":19,"column":16},"end":{"line":19,"column":46}},"9":{"start":{"line":20,"column":2},"end":{"line":20,"column":59}},"10":{"start":{"line":20,"column":35},"end":{"line":20,"column":59}},"11":{"start":{"line":21,"column":2},"end":{"line":21,"column":55}},"12":{"start":{"line":21,"column":33},"end":{"line":21,"column":55}},"13":{"start":{"line":23,"column":21},"end":{"line":23,"column":55}},"14":{"start":{"line":24,"column":2},"end":{"line":24,"column":48}},"15":{"start":{"line":24,"column":26},"end":{"line":24,"column":48}},"16":{"start":{"line":25,"column":2},"end":{"line":25,"column":20}},"17":{"start":{"line":29,"column":16},"end":{"line":29,"column":46}},"18":{"start":{"line":30,"column":2},"end":{"line":30,"column":59}},"19":{"start":{"line":30,"column":35},"end":{"line":30,"column":59}},"20":{"start":{"line":31,"column":2},"end":{"line":31,"column":55}},"21":{"start":{"line":31,"column":33},"end":{"line":31,"column":55}},"22":{"start":{"line":33,"column":16},"end":{"line":33,"column":60}},"23":{"start":{"line":34,"column":2},"end":{"line":34,"column":36}},"24":{"start":{"line":34,"column":14},"end":{"line":34,"column":36}},"25":{"start":{"line":35,"column":2},"end":{"line":35,"column":15}},"26":{"start":{"line":38,"column":21},"end":{"line":41,"column":2}},"27":{"start":{"line":43,"column":9},"end":{"line":43,"column":21}}},"fnMap":{"0":{"name":"checkDataForUser","decl":{"start":{"line":4,"column":15},"end":{"line":4,"column":31}},"loc":{"start":{"line":4,"column":46},"end":{"line":17,"column":1}}},"1":{"name":"getAllHotels","decl":{"start":{"line":18,"column":15},"end":{"line":18,"column":27}},"loc":{"start":{"line":18,"column":42},"end":{"line":26,"column":1}}},"2":{"name":"getRooms","decl":{"start":{"line":28,"column":15},"end":{"line":28,"column":23}},"loc":{"start":{"line":28,"column":55},"end":{"line":36,"column":1}}}},"branchMap":{"0":{"loc":{"start":{"line":7,"column":2},"end":{"line":7,"column":79}},"type":"if","locations":[{"start":{"line":7,"column":2},"end":{"line":7,"column":79}}]},"1":{"loc":{"start":{"line":7,"column":6},"end":{"line":7,"column":54}},"type":"binary-expr","locations":[{"start":{"line":7,"column":6},"end":{"line":7,"column":23}},{"start":{"line":7,"column":27},"end":{"line":7,"column":54}}]},"2":{"loc":{"start":{"line":11,"column":2},"end":{"line":16,"column":29}},"type":"if","locations":[{"start":{"line":11,"column":2},"end":{"line":16,"column":29}}]},"3":{"loc":{"start":{"line":12,"column":4},"end":{"line":14,"column":48}},"type":"binary-expr","locations":[{"start":{"line":12,"column":4},"end":{"line":12,"column":43}},{"start":{"line":13,"column":4},"end":{"line":13,"column":37}},{"start":{"line":14,"column":4},"end":{"line":14,"column":48}}]},"4":{"loc":{"start":{"line":20,"column":2},"end":{"line":20,"column":59}},"type":"if","locations":[{"start":{"line":20,"column":2},"end":{"line":20,"column":59}}]},"5":{"loc":{"start":{"line":21,"column":2},"end":{"line":21,"column":55}},"type":"if","locations":[{"start":{"line":21,"column":2},"end":{"line":21,"column":55}}]},"6":{"loc":{"start":{"line":24,"column":2},"end":{"line":24,"column":48}},"type":"if","locations":[{"start":{"line":24,"column":2},"end":{"line":24,"column":48}}]},"7":{"loc":{"start":{"line":30,"column":2},"end":{"line":30,"column":59}},"type":"if","locations":[{"start":{"line":30,"column":2},"end":{"line":30,"column":59}}]},"8":{"loc":{"start":{"line":31,"column":2},"end":{"line":31,"column":55}},"type":"if","locations":[{"start":{"line":31,"column":2},"end":{"line":31,"column":55}}]},"9":{"loc":{"start":{"line":34,"column":2},"end":{"line":34,"column":36}},"type":"if","locations":[{"start":{"line":34,"column":2},"end":{"line":34,"column":36}}]}},"s":{"0":11,"1":11,"2":9,"3":9,"4":2,"5":7,"6":7,"7":4,"8":4,"9":4,"10":2,"11":2,"12":1,"13":1,"14":1,"15":0,"16":1,"17":5,"18":5,"19":2,"20":3,"21":1,"22":2,"23":2,"24":1,"25":1,"26":11,"27":11},"f":{"0":9,"1":4,"2":5},"b":{"0":[2],"1":[9,7],"2":[4],"3":[7,5,5],"4":[2],"5":[1],"6":[0],"7":[2],"8":[1],"9":[1]}}
,"/home/christaine/typescript/projetos/drivent1-ref-initial/src/services/payment-service/index.ts": {"path":"/home/christaine/typescript/projetos/drivent1-ref-initial/src/services/payment-service/index.ts","statementMap":{"0":{"start":{"line":1,"column":0},"end":{"line":1,"column":80}},"1":{"start":{"line":2,"column":0},"end":{"line":2,"column":66}},"2":{"start":{"line":6,"column":2},"end":{"line":8,"column":null}},"3":{"start":{"line":7,"column":4},"end":{"line":7,"column":31}},"4":{"start":{"line":9,"column":23},"end":{"line":9,"column":70}},"5":{"start":{"line":10,"column":2},"end":{"line":12,"column":null}},"6":{"start":{"line":11,"column":4},"end":{"line":11,"column":26}},"7":{"start":{"line":13,"column":2},"end":{"line":15,"column":null}},"8":{"start":{"line":14,"column":4},"end":{"line":14,"column":30}},"9":{"start":{"line":16,"column":18},"end":{"line":16,"column":62}},"10":{"start":{"line":17,"column":2},"end":{"line":17,"column":17}},"11":{"start":{"line":21,"column":2},"end":{"line":23,"column":null}},"12":{"start":{"line":22,"column":4},"end":{"line":22,"column":31}},"13":{"start":{"line":24,"column":23},"end":{"line":24,"column":70}},"14":{"start":{"line":25,"column":2},"end":{"line":27,"column":null}},"15":{"start":{"line":26,"column":4},"end":{"line":26,"column":26}},"16":{"start":{"line":28,"column":2},"end":{"line":30,"column":null}},"17":{"start":{"line":29,"column":4},"end":{"line":29,"column":30}},"18":{"start":{"line":31,"column":16},"end":{"line":31,"column":45}},"19":{"start":{"line":32,"column":25},"end":{"line":32,"column":61}},"20":{"start":{"line":34,"column":15},"end":{"line":34,"column":86}},"21":{"start":{"line":36,"column":18},"end":{"line":36,"column":57}},"22":{"start":{"line":37,"column":2},"end":{"line":37,"column":52}},"23":{"start":{"line":38,"column":2},"end":{"line":38,"column":17}},"24":{"start":{"line":41,"column":23},"end":{"line":44,"column":2}},"25":{"start":{"line":45,"column":0},"end":{"line":45,"column":30}}},"fnMap":{"0":{"name":"getTicketPayment","decl":{"start":{"line":5,"column":15},"end":{"line":5,"column":31}},"loc":{"start":{"line":5,"column":64},"end":{"line":18,"column":1}}},"1":{"name":"payTicket","decl":{"start":{"line":20,"column":15},"end":{"line":20,"column":24}},"loc":{"start":{"line":20,"column":77},"end":{"line":39,"column":1}}}},"branchMap":{"0":{"loc":{"start":{"line":6,"column":2},"end":{"line":8,"column":null}},"type":"if","locations":[{"start":{"line":6,"column":2},"end":{"line":8,"column":null}}]},"1":{"loc":{"start":{"line":10,"column":2},"end":{"line":12,"column":null}},"type":"if","locations":[{"start":{"line":10,"column":2},"end":{"line":12,"column":null}}]},"2":{"loc":{"start":{"line":13,"column":2},"end":{"line":15,"column":null}},"type":"if","locations":[{"start":{"line":13,"column":2},"end":{"line":15,"column":null}}]},"3":{"loc":{"start":{"line":21,"column":2},"end":{"line":23,"column":null}},"type":"if","locations":[{"start":{"line":21,"column":2},"end":{"line":23,"column":null}}]},"4":{"loc":{"start":{"line":21,"column":6},"end":{"line":21,"column":28}},"type":"binary-expr","locations":[{"start":{"line":21,"column":6},"end":{"line":21,"column":15}},{"start":{"line":21,"column":19},"end":{"line":21,"column":28}}]},"5":{"loc":{"start":{"line":25,"column":2},"end":{"line":27,"column":null}},"type":"if","locations":[{"start":{"line":25,"column":2},"end":{"line":27,"column":null}}]},"6":{"loc":{"start":{"line":28,"column":2},"end":{"line":30,"column":null}},"type":"if","locations":[{"start":{"line":28,"column":2},"end":{"line":30,"column":null}}]}},"s":{"0":11,"1":11,"2":4,"3":1,"4":3,"5":3,"6":1,"7":2,"8":1,"9":1,"10":1,"11":7,"12":2,"13":5,"14":5,"15":1,"16":4,"17":1,"18":3,"19":3,"20":3,"21":3,"22":3,"23":3,"24":11,"25":11},"f":{"0":4,"1":7},"b":{"0":[1],"1":[1],"2":[1],"3":[2],"4":[7,6],"5":[1],"6":[1]}}
,"/home/christaine/typescript/projetos/drivent1-ref-initial/src/services/tickets-service/index.ts": {"path":"/home/christaine/typescript/projetos/drivent1-ref-initial/src/services/tickets-service/index.ts","statementMap":{"0":{"start":{"line":1,"column":0},"end":{"line":1,"column":61}},"1":{"start":{"line":2,"column":0},"end":{"line":2,"column":66}},"2":{"start":{"line":3,"column":0},"end":{"line":3,"column":72}},"3":{"start":{"line":6,"column":2},"end":{"line":8,"column":null}},"4":{"start":{"line":7,"column":4},"end":{"line":7,"column":31}},"5":{"start":{"line":9,"column":27},"end":{"line":9,"column":85}},"6":{"start":{"line":10,"column":2},"end":{"line":12,"column":null}},"7":{"start":{"line":11,"column":4},"end":{"line":11,"column":26}},"8":{"start":{"line":14,"column":24},"end":{"line":14,"column":95}},"9":{"start":{"line":15,"column":2},"end":{"line":15,"column":23}},"10":{"start":{"line":19,"column":17},"end":{"line":19,"column":58}},"11":{"start":{"line":20,"column":2},"end":{"line":20,"column":16}},"12":{"start":{"line":24,"column":27},"end":{"line":24,"column":85}},"13":{"start":{"line":25,"column":2},"end":{"line":27,"column":null}},"14":{"start":{"line":26,"column":4},"end":{"line":26,"column":26}},"15":{"start":{"line":28,"column":17},"end":{"line":28,"column":76}},"16":{"start":{"line":29,"column":2},"end":{"line":31,"column":null}},"17":{"start":{"line":30,"column":4},"end":{"line":30,"column":26}},"18":{"start":{"line":33,"column":2},"end":{"line":33,"column":16}},"19":{"start":{"line":36,"column":22},"end":{"line":40,"column":2}},"20":{"start":{"line":42,"column":0},"end":{"line":42,"column":29}}},"fnMap":{"0":{"name":"createTicket","decl":{"start":{"line":5,"column":15},"end":{"line":5,"column":27}},"loc":{"start":{"line":5,"column":64},"end":{"line":16,"column":1}}},"1":{"name":"getTicketsTypes","decl":{"start":{"line":18,"column":15},"end":{"line":18,"column":30}},"loc":{"start":{"line":18,"column":30},"end":{"line":21,"column":1}}},"2":{"name":"getUserTickets","decl":{"start":{"line":23,"column":15},"end":{"line":23,"column":29}},"loc":{"start":{"line":23,"column":44},"end":{"line":34,"column":1}}}},"branchMap":{"0":{"loc":{"start":{"line":6,"column":2},"end":{"line":8,"column":null}},"type":"if","locations":[{"start":{"line":6,"column":2},"end":{"line":8,"column":null}}]},"1":{"loc":{"start":{"line":6,"column":6},"end":{"line":6,"column":42}},"type":"binary-expr","locations":[{"start":{"line":6,"column":6},"end":{"line":6,"column":19}},{"start":{"line":6,"column":23},"end":{"line":6,"column":42}}]},"2":{"loc":{"start":{"line":10,"column":2},"end":{"line":12,"column":null}},"type":"if","locations":[{"start":{"line":10,"column":2},"end":{"line":12,"column":null}}]},"3":{"loc":{"start":{"line":25,"column":2},"end":{"line":27,"column":null}},"type":"if","locations":[{"start":{"line":25,"column":2},"end":{"line":27,"column":null}}]},"4":{"loc":{"start":{"line":29,"column":2},"end":{"line":31,"column":null}},"type":"if","locations":[{"start":{"line":29,"column":2},"end":{"line":31,"column":null}}]}},"s":{"0":11,"1":11,"2":11,"3":3,"4":0,"5":3,"6":3,"7":1,"8":2,"9":2,"10":2,"11":2,"12":3,"13":3,"14":1,"15":2,"16":2,"17":1,"18":1,"19":11,"20":11},"f":{"0":3,"1":2,"2":3},"b":{"0":[0],"1":[3,3],"2":[1],"3":[1],"4":[1]}}
,"/home/christaine/typescript/projetos/drivent1-ref-initial/src/services/users-service/errors.ts": {"path":"/home/christaine/typescript/projetos/drivent1-ref-initial/src/services/users-service/errors.ts","statementMap":{"0":{"start":{"line":4,"column":2},"end":{"line":7,"column":4}},"1":{"start":{"line":3,"column":0},"end":{"line":3,"column":16}}},"fnMap":{"0":{"name":"duplicatedEmailError","decl":{"start":{"line":3,"column":16},"end":{"line":3,"column":36}},"loc":{"start":{"line":3,"column":36},"end":{"line":8,"column":1}}}},"branchMap":{},"s":{"0":4,"1":11},"f":{"0":4},"b":{}}
,"/home/christaine/typescript/projetos/drivent1-ref-initial/src/services/users-service/index.ts": {"path":"/home/christaine/typescript/projetos/drivent1-ref-initial/src/services/users-service/index.ts","statementMap":{"0":{"start":{"line":2,"column":0},"end":{"line":2,"column":28}},"1":{"start":{"line":3,"column":0},"end":{"line":3,"column":46}},"2":{"start":{"line":4,"column":0},"end":{"line":4,"column":48}},"3":{"start":{"line":5,"column":0},"end":{"line":5,"column":60}},"4":{"start":{"line":6,"column":0},"end":{"line":6,"column":60}},"5":{"start":{"line":9,"column":2},"end":{"line":9,"column":26}},"6":{"start":{"line":11,"column":2},"end":{"line":11,"column":41}},"7":{"start":{"line":13,"column":25},"end":{"line":13,"column":56}},"8":{"start":{"line":14,"column":2},"end":{"line":17,"column":5}},"9":{"start":{"line":8,"column":0},"end":{"line":8,"column":7}},"10":{"start":{"line":21,"column":28},"end":{"line":21,"column":67}},"11":{"start":{"line":22,"column":2},"end":{"line":24,"column":null}},"12":{"start":{"line":23,"column":4},"end":{"line":23,"column":33}},"13":{"start":{"line":28,"column":20},"end":{"line":28,"column":62}},"14":{"start":{"line":29,"column":2},"end":{"line":31,"column":null}},"15":{"start":{"line":30,"column":4},"end":{"line":30,"column":45}},"16":{"start":{"line":36,"column":20},"end":{"line":38,"column":2}},"17":{"start":{"line":40,"column":0},"end":{"line":40,"column":25}},"18":{"start":{"line":41,"column":0},"end":{"line":41,"column":27}}},"fnMap":{"0":{"name":"createUser","decl":{"start":{"line":8,"column":22},"end":{"line":8,"column":32}},"loc":{"start":{"line":8,"column":70},"end":{"line":18,"column":1}}},"1":{"name":"validateUniqueEmailOrFail","decl":{"start":{"line":20,"column":15},"end":{"line":20,"column":40}},"loc":{"start":{"line":20,"column":54},"end":{"line":25,"column":1}}},"2":{"name":"canEnrollOrFail","decl":{"start":{"line":27,"column":15},"end":{"line":27,"column":30}},"loc":{"start":{"line":27,"column":30},"end":{"line":32,"column":1}}}},"branchMap":{"0":{"loc":{"start":{"line":22,"column":2},"end":{"line":24,"column":null}},"type":"if","locations":[{"start":{"line":22,"column":2},"end":{"line":24,"column":null}}]},"1":{"loc":{"start":{"line":29,"column":2},"end":{"line":31,"column":null}},"type":"if","locations":[{"start":{"line":29,"column":2},"end":{"line":31,"column":null}}]}},"s":{"0":11,"1":11,"2":11,"3":11,"4":11,"5":9,"6":7,"7":5,"8":5,"9":11,"10":7,"11":7,"12":2,"13":9,"14":9,"15":2,"16":11,"17":11,"18":11},"f":{"0":9,"1":7,"2":9},"b":{"0":[2],"1":[2]}}
,"/home/christaine/typescript/projetos/drivent1-ref-initial/src/utils/prisma-utils.ts": {"path":"/home/christaine/typescript/projetos/drivent1-ref-initial/src/utils/prisma-utils.ts","statementMap":{"0":{"start":{"line":2,"column":20},"end":{"line":2,"column":54}},"1":{"start":{"line":3,"column":2},"end":{"line":5,"column":null}},"2":{"start":{"line":4,"column":4},"end":{"line":4,"column":26}},"3":{"start":{"line":6,"column":2},"end":{"line":6,"column":19}},"4":{"start":{"line":1,"column":0},"end":{"line":1,"column":16}}},"fnMap":{"0":{"name":"exclude","decl":{"start":{"line":1,"column":16},"end":{"line":1,"column":23}},"loc":{"start":{"line":1,"column":73},"end":{"line":7,"column":1}}}},"branchMap":{},"s":{"0":12,"1":12,"2":18,"3":12,"4":11},"f":{"0":12},"b":{}}
,"/home/christaine/typescript/projetos/drivent1-ref-initial/src/utils/request.ts": {"path":"/home/christaine/typescript/projetos/drivent1-ref-initial/src/utils/request.ts","statementMap":{"0":{"start":{"line":1,"column":0},"end":{"line":1,"column":26}},"1":{"start":{"line":2,"column":0},"end":{"line":2,"column":40}},"2":{"start":{"line":5,"column":2},"end":{"line":12,"column":null}},"3":{"start":{"line":6,"column":19},"end":{"line":6,"column":39}},"4":{"start":{"line":7,"column":4},"end":{"line":7,"column":18}},"5":{"start":{"line":9,"column":35},"end":{"line":9,"column":49}},"6":{"start":{"line":11,"column":4},"end":{"line":11,"column":44}},"7":{"start":{"line":15,"column":13},"end":{"line":17,"column":2}}},"fnMap":{"0":{"name":"get","decl":{"start":{"line":4,"column":15},"end":{"line":4,"column":18}},"loc":{"start":{"line":4,"column":30},"end":{"line":13,"column":1}}}},"branchMap":{},"s":{"0":11,"1":11,"2":4,"3":4,"4":3,"5":1,"6":1,"7":11},"f":{"0":4},"b":{}}
}
