TN:
SF:src/app.ts
FN:25,(anonymous_1)
FN:35,init
FN:40,close
FNF:3
FNH:2
FNDA:1,(anonymous_1)
FNDA:10,init
FNDA:0,close
DA:1,10
DA:2,10
DA:3,10
DA:4,10
DA:6,10
DA:8,10
DA:10,10
DA:11,10
DA:21,10
DA:22,10
DA:25,1
DA:35,10
DA:36,10
DA:37,10
DA:40,10
DA:41,0
DA:44,10
LF:17
LH:16
BRF:0
BRH:0
end_of_record
TN:
SF:src/config/database.ts
FN:4,connectDb
FN:8,disconnectDB
FNF:2
FNH:1
FNDA:10,connectDb
FNDA:0,disconnectDB
DA:1,13
DA:4,13
DA:5,10
DA:8,13
DA:9,0
LF:5
LH:4
BRF:0
BRH:0
end_of_record
TN:
SF:src/config/envs.ts
FN:4,loadEnv
FNF:1
FNH:1
FNDA:23,loadEnv
DA:1,13
DA:2,13
DA:4,13
DA:6,23
DA:12,23
DA:13,23
LF:6
LH:6
BRDA:6,0,0,23
BRDA:6,0,1,0
BRDA:8,1,0,0
BRDA:8,1,1,0
BRF:4
BRH:1
end_of_record
TN:
SF:src/config/index.ts
FNF:0
FNH:0
DA:1,13
DA:2,13
LF:2
LH:2
BRF:0
BRH:0
end_of_record
TN:
SF:src/controllers/authentication-controller.ts
FN:5,singInPost
FNF:1
FNH:1
FNDA:5,singInPost
DA:2,10
DA:3,10
DA:5,10
DA:6,5
DA:8,5
DA:9,5
DA:11,3
DA:13,2
LF:8
LH:8
BRF:0
BRH:0
end_of_record
TN:
SF:src/controllers/enrollments-controller.ts
FN:6,getEnrollmentByUser
FN:18,postCreateOrUpdateEnrollment
FN:31,getAddressFromCEP
FNF:3
FNH:3
FNDA:2,getEnrollmentByUser
FNDA:2,postCreateOrUpdateEnrollment
FNDA:2,getAddressFromCEP
DA:2,10
DA:4,10
DA:6,10
DA:7,2
DA:9,2
DA:10,2
DA:12,1
DA:14,1
DA:18,10
DA:19,2
DA:20,2
DA:25,2
DA:27,0
DA:31,10
DA:32,2
DA:34,2
DA:35,2
DA:36,1
DA:38,1
LF:19
LH:18
BRF:0
BRH:0
end_of_record
TN:
SF:src/controllers/events-controller.ts
FN:5,getDefaultEvent
FNF:1
FNH:1
FNDA:2,getDefaultEvent
DA:2,10
DA:3,10
DA:5,10
DA:6,2
DA:7,2
DA:8,1
DA:10,1
LF:7
LH:7
BRF:0
BRH:0
end_of_record
TN:
SF:src/controllers/hotels-controllers.ts
FN:6,getAllHotels
FN:16,listRooms
FNF:2
FNH:2
FNDA:4,getAllHotels
FNDA:5,listRooms
DA:2,10
DA:4,10
DA:6,10
DA:7,4
DA:8,4
DA:9,4
DA:10,1
DA:12,3
DA:16,10
DA:17,5
DA:18,5
DA:19,5
DA:20,5
DA:21,1
DA:23,4
LF:15
LH:15
BRF:0
BRH:0
end_of_record
TN:
SF:src/controllers/index.ts
FNF:0
FNH:0
DA:1,10
DA:2,10
DA:3,10
DA:4,10
DA:5,10
DA:6,10
LF:6
LH:6
BRF:0
BRH:0
end_of_record
TN:
SF:src/controllers/payments-controller.ts
FN:7,getTicketPayment
FN:19,payTicket
FNF:2
FNH:2
FNDA:4,getTicketPayment
FNDA:7,payTicket
DA:2,10
DA:4,10
DA:7,10
DA:8,4
DA:9,4
DA:10,4
DA:11,4
DA:12,4
DA:13,1
DA:15,3
DA:19,10
DA:20,7
DA:21,7
DA:22,7
DA:23,7
DA:24,3
DA:26,4
LF:17
LH:17
BRF:0
BRH:0
end_of_record
TN:
SF:src/controllers/tickets-controller.ts
FN:6,createTicket
FN:17,getTicketsTypes
FN:26,getUserTickets
FNF:3
FNH:3
FNDA:3,createTicket
FNDA:2,getTicketsTypes
FNDA:3,getUserTickets
DA:2,10
DA:4,10
DA:6,10
DA:7,3
DA:8,3
DA:9,3
DA:10,3
DA:11,2
DA:13,1
DA:17,10
DA:18,2
DA:19,2
DA:20,2
DA:22,0
DA:26,10
DA:27,3
DA:28,3
DA:29,3
DA:30,1
DA:32,2
LF:20
LH:19
BRF:0
BRH:0
end_of_record
TN:
SF:src/controllers/users-controller.ts
FN:5,usersPost
FNF:1
FNH:1
FNDA:6,usersPost
DA:2,10
DA:3,10
DA:5,10
DA:6,6
DA:8,6
DA:9,6
DA:10,3
DA:15,3
DA:16,1
DA:18,2
LF:10
LH:10
BRDA:15,0,0,1
BRF:1
BRH:1
end_of_record
TN:
SF:src/errors/cannot-enroll-before-start-date-error.ts
FN:3,cannotEnrollBeforeStartDateError
FNF:1
FNH:1
FNDA:2,cannotEnrollBeforeStartDateError
DA:3,10
DA:4,2
LF:2
LH:2
BRF:0
BRH:0
end_of_record
TN:
SF:src/errors/conflict-error.ts
FN:3,conflictError
FNF:1
FNH:0
FNDA:0,conflictError
DA:3,10
DA:4,0
LF:2
LH:1
BRF:0
BRH:0
end_of_record
TN:
SF:src/errors/index.ts
FNF:0
FNH:0
DA:1,10
DA:2,10
DA:3,10
DA:4,10
DA:5,10
DA:6,10
DA:7,10
DA:8,10
DA:9,10
DA:10,10
DA:11,10
LF:11
LH:11
BRF:0
BRH:0
end_of_record
TN:
SF:src/errors/invalid-cep-format-error.ts
FN:3,invalidCepFormat
FNF:1
FNH:1
FNDA:1,invalidCepFormat
DA:3,10
DA:4,1
LF:2
LH:2
BRF:0
BRH:0
end_of_record
TN:
SF:src/errors/invalid-data-error.ts
FN:3,invalidDataError
FNF:1
FNH:1
FNDA:8,invalidDataError
DA:3,10
DA:4,8
LF:2
LH:2
BRF:0
BRH:0
end_of_record
TN:
SF:src/errors/invalid-email-error.ts
FN:3,invalidEmailError
FNF:1
FNH:0
FNDA:0,invalidEmailError
DA:3,10
DA:4,0
LF:2
LH:1
BRF:0
BRH:0
end_of_record
TN:
SF:src/errors/invalid-or-not-sent-id-error.ts
FN:3,invalidOrNotSentId
FNF:1
FNH:1
FNDA:3,invalidOrNotSentId
DA:3,10
DA:4,3
LF:2
LH:2
BRF:0
BRH:0
end_of_record
TN:
SF:src/errors/not-found-cep-error.ts
FN:3,notFoundCepError
FNF:1
FNH:0
FNDA:0,notFoundCepError
DA:3,10
DA:4,0
LF:2
LH:1
BRF:0
BRH:0
end_of_record
TN:
SF:src/errors/not-found-error.ts
FN:3,notFoundError
FNF:1
FNH:1
FNDA:10,notFoundError
DA:3,10
DA:4,10
LF:2
LH:2
BRF:0
BRH:0
end_of_record
TN:
SF:src/errors/payment-required-error.ts
FN:3,paymentRequired
FNF:1
FNH:1
FNDA:4,paymentRequired
DA:3,10
DA:4,4
LF:2
LH:2
BRF:0
BRH:0
end_of_record
TN:
SF:src/errors/request-error.ts
FN:3,requestError
FNF:1
FNH:1
FNDA:1,requestError
DA:3,10
DA:4,1
LF:2
LH:2
BRF:0
BRH:0
end_of_record
TN:
SF:src/errors/unauthorized-error.ts
FN:3,unauthorizedError
FNF:1
FNH:1
FNDA:23,unauthorizedError
DA:3,10
DA:4,23
LF:2
LH:2
BRF:0
BRH:0
end_of_record
TN:
SF:src/middlewares/authentication-middleware.ts
FN:8,authenticateToken
FN:33,generateUnauthorizedResponse
FNF:2
FNH:2
FNDA:57,authenticateToken
FNDA:21,generateUnauthorizedResponse
DA:2,10
DA:3,10
DA:5,10
DA:6,10
DA:8,10
DA:9,57
DA:10,57
DA:12,50
DA:13,50
DA:15,50
DA:16,50
DA:18,43
DA:23,43
DA:25,36
DA:27,36
DA:29,7
DA:34,21
LF:17
LH:17
BRDA:10,0,0,7
BRDA:13,1,0,0
BRDA:23,2,0,7
BRF:3
BRH:2
end_of_record
TN:
SF:src/middlewares/error-handling-middleware.ts
FN:5,handleApplicationErrors
FNF:1
FNH:1
FNDA:18,handleApplicationErrors
DA:2,10
DA:5,10
DA:11,18
DA:12,3
DA:17,15
DA:18,0
DA:23,15
DA:24,0
DA:29,15
DA:30,2
DA:35,13
DA:36,8
DA:41,5
DA:42,1
DA:45,4
DA:46,4
DA:50,0
DA:51,0
LF:18
LH:14
BRDA:11,0,0,3
BRDA:11,1,0,18
BRDA:11,1,1,18
BRDA:17,2,0,0
BRDA:17,3,0,15
BRDA:17,3,1,15
BRDA:23,4,0,0
BRDA:29,5,0,2
BRDA:35,6,0,8
BRDA:41,7,0,1
BRDA:41,8,0,5
BRDA:41,8,1,4
BRDA:45,9,0,4
BRF:13
BRH:11
end_of_record
TN:
SF:src/middlewares/index.ts
FNF:0
FNH:0
DA:1,10
DA:2,10
DA:3,10
LF:3
LH:3
BRF:0
BRH:0
end_of_record
TN:
SF:src/middlewares/validation-middleware.ts
FN:6,validateBody
FN:10,validateParams
FN:14,validate
FN:15,(anonymous_4)
FN:23,(anonymous_5)
FNF:5
FNH:5
FNDA:40,validateBody
FNDA:10,validateParams
FNDA:50,validate
FNDA:29,(anonymous_4)
FNDA:24,(anonymous_5)
DA:2,10
DA:4,10
DA:6,10
DA:7,40
DA:10,10
DA:11,10
DA:15,50
DA:16,29
DA:20,29
DA:21,21
DA:23,24
LF:11
LH:11
BRDA:20,0,0,21
BRDA:20,0,1,8
BRF:2
BRH:2
end_of_record
TN:
SF:src/repositories/address-repository/index.ts
FN:4,upsert
FNF:1
FNH:1
FNDA:2,upsert
DA:2,10
DA:5,2
DA:20,10
DA:24,10
LF:4
LH:4
BRF:0
BRH:0
end_of_record
TN:
SF:src/repositories/enrollment-repository/index.ts
FN:4,findWithAddressByUserId
FN:13,upsert
FNF:2
FNH:2
FNDA:8,findWithAddressByUserId
FNDA:2,upsert
DA:2,10
DA:5,8
DA:18,2
DA:30,10
DA:35,10
LF:5
LH:5
BRF:0
BRH:0
end_of_record
TN:
SF:src/repositories/event-repository/index.ts
FN:3,findFirst
FNF:1
FNH:1
FNDA:11,findFirst
DA:1,10
DA:4,11
DA:7,10
DA:11,10
LF:4
LH:4
BRF:0
BRH:0
end_of_record
TN:
SF:src/repositories/hotel-repository/index.ts
FN:3,findEnrollmentAndTicket
FN:10,includesHotel
FN:17,findHotels
FN:21,findHotelById
FNF:4
FNH:4
FNDA:9,findEnrollmentAndTicket
FNDA:7,includesHotel
FNDA:1,findHotels
FNDA:2,findHotelById
DA:1,10
DA:4,9
DA:11,7
DA:18,1
DA:22,2
DA:28,10
DA:34,10
LF:7
LH:7
BRF:0
BRH:0
end_of_record
TN:
SF:src/repositories/payment-repository/index.ts
FN:4,getTicketById
FN:14,getPayment
FN:20,payTicket
FN:26,setStatusTicket
FNF:4
FNH:4
FNDA:8,getTicketById
FNDA:1,getPayment
FNDA:3,payTicket
FNDA:3,setStatusTicket
DA:2,10
DA:5,8
DA:15,1
DA:21,3
DA:27,3
DA:33,10
DA:39,10
LF:7
LH:7
BRF:0
BRH:0
end_of_record
TN:
SF:src/repositories/session-repository/index.ts
FN:4,create
FNF:1
FNH:1
FNDA:5,create
DA:2,10
DA:5,5
DA:10,10
DA:14,10
LF:4
LH:4
BRF:0
BRH:0
end_of_record
TN:
SF:src/repositories/tickets-repository/index.ts
FN:4,getTicketsTypes
FN:7,getUserTickets
FN:14,createTicket
FNF:3
FNH:3
FNDA:2,getTicketsTypes
FNDA:2,getUserTickets
FNDA:2,createTicket
DA:2,10
DA:5,2
DA:8,2
DA:15,2
DA:27,10
DA:32,10
LF:6
LH:6
BRF:0
BRH:0
end_of_record
TN:
SF:src/repositories/user-repository/index.ts
FN:4,findByEmail
FN:18,create
FNF:2
FNH:2
FNDA:16,findByEmail
FNDA:5,create
DA:2,10
DA:5,16
DA:11,16
DA:12,9
DA:15,16
DA:19,5
DA:24,10
DA:29,10
LF:8
LH:8
BRDA:11,0,0,9
BRF:1
BRH:1
end_of_record
TN:
SF:src/routers/authentication-router.ts
FNF:0
FNH:0
DA:1,10
DA:2,10
DA:3,10
DA:4,10
DA:6,10
DA:8,10
DA:10,10
LF:7
LH:7
BRF:0
BRH:0
end_of_record
TN:
SF:src/routers/enrollments-router.ts
FNF:0
FNH:0
DA:1,10
DA:2,10
DA:3,10
DA:4,10
DA:6,10
DA:8,10
DA:14,10
LF:7
LH:7
BRF:0
BRH:0
end_of_record
TN:
SF:src/routers/events-router.ts
FNF:0
FNH:0
DA:1,10
DA:2,10
DA:4,10
DA:6,10
DA:8,10
LF:5
LH:5
BRF:0
BRH:0
end_of_record
TN:
SF:src/routers/hotel-router.ts
FNF:0
FNH:0
DA:1,10
DA:2,10
DA:3,10
DA:4,10
DA:6,10
DA:7,10
DA:9,10
LF:7
LH:7
BRF:0
BRH:0
end_of_record
TN:
SF:src/routers/index.ts
FNF:0
FNH:0
DA:1,10
DA:2,10
DA:3,10
DA:4,10
DA:5,10
DA:6,10
DA:7,10
LF:7
LH:7
BRF:0
BRH:0
end_of_record
TN:
SF:src/routers/payments-router.ts
FNF:0
FNH:0
DA:1,10
DA:2,10
DA:3,10
DA:5,10
DA:7,10
DA:9,10
LF:6
LH:6
BRF:0
BRH:0
end_of_record
TN:
SF:src/routers/tickets-router.ts
FNF:0
FNH:0
DA:1,10
DA:2,10
DA:3,10
DA:4,10
DA:6,10
DA:8,10
DA:14,10
LF:7
LH:7
BRF:0
BRH:0
end_of_record
TN:
SF:src/routers/users-router.ts
FNF:0
FNH:0
DA:1,10
DA:3,10
DA:4,10
DA:5,10
DA:7,10
DA:9,10
DA:11,10
LF:7
LH:7
BRF:0
BRH:0
end_of_record
TN:
SF:src/schemas/authentication-schemas.ts
FNF:0
FNH:0
DA:1,13
DA:4,13
LF:2
LH:2
BRF:0
BRH:0
end_of_record
TN:
SF:src/schemas/enrollments-schemas.ts
FN:23,(anonymous_1)
FN:30,joiCpfValidation
FN:40,JoiCepValidation
FN:50,joiMobilePhoneValidation
FNF:4
FNH:4
FNDA:351,(anonymous_1)
FNDA:29,joiCpfValidation
FNDA:19,JoiCepValidation
FNDA:23,joiMobilePhoneValidation
DA:1,13
DA:2,13
DA:5,13
DA:7,13
DA:9,13
DA:11,13
DA:23,351
DA:31,29
DA:33,29
DA:34,1
DA:37,28
DA:41,19
DA:43,19
DA:44,1
DA:47,18
DA:51,23
DA:53,23
DA:54,0
DA:57,23
LF:19
LH:18
BRDA:31,0,0,0
BRDA:33,1,0,1
BRDA:41,2,0,0
BRDA:43,3,0,1
BRDA:51,4,0,0
BRDA:53,5,0,0
BRF:6
BRH:2
end_of_record
TN:
SF:src/schemas/hotel-schema.ts
FNF:0
FNH:0
DA:1,13
DA:4,13
LF:2
LH:2
BRF:0
BRH:0
end_of_record
TN:
SF:src/schemas/index.ts
FNF:0
FNH:0
DA:1,13
DA:2,13
DA:3,13
DA:4,13
DA:5,13
LF:5
LH:5
BRF:0
BRH:0
end_of_record
TN:
SF:src/schemas/ticket-schemas.ts
FNF:0
FNH:0
DA:1,13
DA:4,13
LF:2
LH:2
BRF:0
BRH:0
end_of_record
TN:
SF:src/schemas/users-schemas.ts
FNF:0
FNH:0
DA:1,13
DA:4,13
LF:2
LH:2
BRF:0
BRH:0
end_of_record
TN:
SF:src/services/authentication-service/errors.ts
FN:3,invalidCredentialsError
FNF:1
FNH:1
FNDA:6,invalidCredentialsError
DA:3,10
DA:4,6
LF:2
LH:2
BRF:0
BRH:0
end_of_record
TN:
SF:src/services/authentication-service/index.ts
FN:9,signIn
FN:24,getUserOrFail
FN:31,createSession
FN:41,validatePasswordOrFail
FNF:4
FNH:4
FNDA:9,signIn
FNDA:9,getUserOrFail
FNDA:5,createSession
FNDA:7,validatePasswordOrFail
DA:2,10
DA:3,10
DA:4,10
DA:5,10
DA:6,10
DA:7,10
DA:10,9
DA:12,9
DA:14,7
DA:16,5
DA:18,5
DA:25,9
DA:26,9
DA:28,7
DA:32,5
DA:33,5
DA:38,5
DA:42,7
DA:43,7
DA:55,10
DA:59,10
DA:60,10
LF:22
LH:22
BRDA:26,0,0,2
BRDA:43,1,0,2
BRF:2
BRH:2
end_of_record
TN:
SF:src/services/enrollments-service/index.ts
FN:9,getAddressFromCEP
FN:32,getOneWithAddressByUserId
FN:48,getFirstAddress
FN:56,createOrUpdateEnrollmentWithAddress
FN:69,getAddressForUpsert
FNF:5
FNH:5
FNDA:4,getAddressFromCEP
FNDA:2,getOneWithAddressByUserId
FNDA:1,getFirstAddress
FNDA:2,createOrUpdateEnrollmentWithAddress
FNDA:2,getAddressForUpsert
DA:2,10
DA:3,10
DA:4,10
DA:5,10
DA:6,10
DA:10,4
DA:12,4
DA:13,1
DA:15,3
DA:16,0
DA:19,3
DA:21,3
DA:29,3
DA:33,2
DA:35,2
DA:37,1
DA:38,1
DA:40,1
DA:49,1
DA:51,1
DA:57,2
DA:58,2
DA:59,2
DA:60,2
DA:62,0
DA:65,2
DA:66,2
DA:70,2
DA:80,10
DA:86,10
LF:30
LH:28
BRDA:12,0,0,1
BRDA:15,1,0,0
BRDA:35,2,0,1
BRDA:42,3,0,1
BRDA:42,3,1,1
BRDA:49,4,0,0
BRDA:72,5,0,2
BRDA:72,5,1,2
BRF:8
BRH:6
end_of_record
TN:
SF:src/services/events-service/index.ts
FN:7,getFirstEvent
FN:16,isCurrentEventActive
FNF:2
FNH:2
FNDA:2,getFirstEvent
FNDA:9,isCurrentEventActive
DA:2,10
DA:3,10
DA:4,10
DA:5,10
DA:8,2
DA:9,2
DA:11,1
DA:17,9
DA:18,9
DA:20,8
DA:21,8
DA:22,8
DA:24,8
DA:27,10
DA:32,10
LF:15
LH:15
BRDA:9,0,0,1
BRDA:18,1,0,1
BRDA:24,2,0,8
BRDA:24,2,1,7
BRF:4
BRH:4
end_of_record
TN:
SF:src/services/hotel-service/index.ts
FN:4,checkDataForUser
FN:18,getAllHotels
FN:28,getRooms
FNF:3
FNH:3
FNDA:9,checkDataForUser
FNDA:4,getAllHotels
FNDA:5,getRooms
DA:1,10
DA:2,10
DA:5,9
DA:7,9
DA:9,7
DA:11,7
DA:16,4
DA:19,4
DA:20,4
DA:21,2
DA:23,1
DA:24,1
DA:25,1
DA:29,5
DA:30,5
DA:31,3
DA:33,2
DA:34,2
DA:35,1
DA:38,10
DA:43,10
LF:21
LH:21
BRDA:7,0,0,2
BRDA:7,1,0,9
BRDA:7,1,1,7
BRDA:11,2,0,4
BRDA:12,3,0,7
BRDA:12,3,1,5
BRDA:12,3,2,5
BRDA:20,4,0,2
BRDA:21,5,0,1
BRDA:24,6,0,0
BRDA:30,7,0,2
BRDA:31,8,0,1
BRDA:34,9,0,1
BRF:13
BRH:12
end_of_record
TN:
SF:src/services/payment-service/index.ts
FN:5,getTicketPayment
FN:20,payTicket
FNF:2
FNH:2
FNDA:4,getTicketPayment
FNDA:7,payTicket
DA:1,10
DA:2,10
DA:6,4
DA:7,1
DA:9,3
DA:10,3
DA:11,1
DA:13,2
DA:14,1
DA:16,1
DA:17,1
DA:21,7
DA:22,2
DA:24,5
DA:25,5
DA:26,1
DA:28,4
DA:29,1
DA:31,3
DA:32,3
DA:34,3
DA:36,3
DA:37,3
DA:38,3
DA:41,10
DA:45,10
LF:26
LH:26
BRDA:6,0,0,1
BRDA:10,1,0,1
BRDA:13,2,0,1
BRDA:21,3,0,2
BRDA:21,4,0,7
BRDA:21,4,1,6
BRDA:25,5,0,1
BRDA:28,6,0,1
BRF:8
BRH:8
end_of_record
TN:
SF:src/services/tickets-service/index.ts
FN:5,createTicket
FN:18,getTicketsTypes
FN:23,getUserTickets
FNF:3
FNH:3
FNDA:3,createTicket
FNDA:2,getTicketsTypes
FNDA:3,getUserTickets
DA:1,10
DA:2,10
DA:3,10
DA:6,3
DA:7,0
DA:9,3
DA:10,3
DA:11,1
DA:14,2
DA:15,2
DA:19,2
DA:20,2
DA:24,3
DA:25,3
DA:26,1
DA:28,2
DA:29,2
DA:30,1
DA:33,1
DA:36,10
DA:42,10
LF:21
LH:20
BRDA:6,0,0,0
BRDA:6,1,0,3
BRDA:6,1,1,3
BRDA:10,2,0,1
BRDA:25,3,0,1
BRDA:29,4,0,1
BRF:6
BRH:5
end_of_record
TN:
SF:src/services/users-service/errors.ts
FN:3,duplicatedEmailError
FNF:1
FNH:1
FNDA:4,duplicatedEmailError
DA:3,10
DA:4,4
LF:2
LH:2
BRF:0
BRH:0
end_of_record
TN:
SF:src/services/users-service/index.ts
FN:8,createUser
FN:20,validateUniqueEmailOrFail
FN:27,canEnrollOrFail
FNF:3
FNH:3
FNDA:9,createUser
FNDA:7,validateUniqueEmailOrFail
FNDA:9,canEnrollOrFail
DA:2,10
DA:3,10
DA:4,10
DA:5,10
DA:6,10
DA:8,10
DA:9,9
DA:11,7
DA:13,5
DA:14,5
DA:21,7
DA:22,7
DA:23,2
DA:28,9
DA:29,9
DA:30,2
DA:36,10
DA:40,10
DA:41,10
LF:19
LH:19
BRDA:22,0,0,2
BRDA:29,1,0,2
BRF:2
BRH:2
end_of_record
TN:
SF:src/utils/prisma-utils.ts
FN:1,exclude
FNF:1
FNH:1
FNDA:12,exclude
DA:1,10
DA:2,12
DA:3,12
DA:4,18
DA:6,12
LF:5
LH:5
BRF:0
BRH:0
end_of_record
TN:
SF:src/utils/request.ts
FN:4,get
FNF:1
FNH:1
FNDA:4,get
DA:1,10
DA:2,10
DA:5,4
DA:6,4
DA:7,3
DA:9,1
DA:11,1
DA:15,10
LF:8
LH:8
BRF:0
BRH:0
end_of_record
TN:
SF:tests/helpers.ts
FN:8,cleanDb
FN:21,generateValidToken
FNF:2
FNH:2
FNDA:50,cleanDb
FNDA:36,generateValidToken
DA:1,9
DA:4,9
DA:5,9
DA:6,9
DA:8,9
DA:9,50
DA:10,50
DA:11,50
DA:12,50
DA:13,50
DA:14,50
DA:15,50
DA:16,50
DA:17,50
DA:18,50
DA:21,9
DA:22,36
DA:23,36
DA:25,36
DA:27,36
LF:20
LH:20
BRDA:22,0,0,36
BRDA:22,0,1,9
BRF:2
BRH:2
end_of_record
TN:
SF:tests/factories/enrollments-factory.ts
FN:8,createEnrollmentWithAddress
FN:35,createhAddressWithCEP
FNF:2
FNH:2
FNDA:26,createEnrollmentWithAddress
FNDA:1,createhAddressWithCEP
DA:1,9
DA:2,9
DA:5,9
DA:6,9
DA:8,9
DA:9,26
DA:11,26
DA:35,9
DA:36,1
LF:9
LH:9
BRDA:9,0,0,26
BRDA:9,0,1,0
BRF:2
BRH:1
end_of_record
TN:
SF:tests/factories/events-factory.ts
FN:6,createEvent
FNF:1
FNH:1
FNDA:4,createEvent
DA:1,9
DA:2,9
DA:4,9
DA:6,9
DA:7,4
LF:5
LH:5
BRDA:6,0,0,3
BRDA:9,1,0,4
BRDA:9,1,1,4
BRDA:10,2,0,4
BRDA:10,2,1,4
BRDA:11,3,0,4
BRDA:11,3,1,4
BRDA:12,4,0,4
BRDA:12,4,1,3
BRDA:13,5,0,4
BRDA:13,5,1,4
BRF:11
BRH:11
end_of_record
TN:
SF:tests/factories/hotels-factory.ts
FN:4,createHotel
FN:13,createRoom
FNF:2
FNH:2
FNDA:9,createHotel
FNDA:2,createRoom
DA:1,1
DA:2,1
DA:4,1
DA:5,9
DA:13,1
DA:14,2
LF:6
LH:6
BRF:0
BRH:0
end_of_record
TN:
SF:tests/factories/index.ts
FNF:0
FNH:0
DA:1,9
DA:2,9
DA:3,9
DA:4,9
DA:5,9
DA:6,9
LF:6
LH:6
BRF:0
BRH:0
end_of_record
TN:
SF:tests/factories/payments-factory.ts
FN:4,createPayment
FN:15,generateCreditCardData
FNF:2
FNH:2
FNDA:6,createPayment
FNDA:6,generateCreditCardData
DA:1,9
DA:2,9
DA:4,9
DA:5,6
DA:15,9
DA:16,6
DA:18,6
LF:7
LH:7
BRF:0
BRH:0
end_of_record
TN:
SF:tests/factories/sessions-factory.ts
FN:5,createSession
FNF:1
FNH:1
FNDA:36,createSession
DA:2,9
DA:3,9
DA:5,9
DA:6,36
DA:8,36
LF:5
LH:5
BRF:0
BRH:0
end_of_record
TN:
SF:tests/factories/tickets-factory.ts
FN:5,createTicketType
FN:15,createTicketTypeIncludesHotel
FN:25,createTicketTypeNoIncludesHotel
FN:35,createTicket
FNF:4
FNH:4
FNDA:14,createTicketType
FNDA:5,createTicketTypeIncludesHotel
FNDA:2,createTicketTypeNoIncludesHotel
FNDA:16,createTicket
DA:1,9
DA:3,9
DA:5,9
DA:6,14
DA:15,9
DA:16,5
DA:25,9
DA:26,2
DA:35,9
DA:36,16
LF:10
LH:10
BRF:0
BRH:0
end_of_record
TN:
SF:tests/factories/users-factory.ts
FN:6,createUser
FNF:1
FNH:1
FNDA:90,createUser
DA:1,9
DA:2,9
DA:4,9
DA:6,9
DA:7,90
DA:8,90
DA:10,90
LF:7
LH:7
BRDA:6,0,0,82
BRDA:7,1,0,90
BRDA:7,1,1,82
BRDA:12,2,0,90
BRDA:12,2,1,82
BRF:5
BRH:5
end_of_record
